This is pdfTeX, Version 3.14159265-2.6-1.40.18 (MiKTeX 2.9.6350 64-bit) (preloaded format=pdflatex 2017.7.8)  22 APR 2018 21:14
entering extended mode
**./AWRA_2018.tex
(AWRA_2018.tex
LaTeX2e <2017-04-15>
Babel <3.10> and hyphenation patterns for 75 language(s) loaded.
(C:\Users\Marcus\AppData\Roaming\MiKTeX\2.9\tex\latex\beamer\beamer.cls
Document Class: beamer 2018/02/20 v3.50 A class for typesetting presentations

(C:\Users\Marcus\AppData\Roaming\MiKTeX\2.9\tex\latex\beamer\beamerbasemodes.st
y (C:\Users\Marcus\AppData\Roaming\MiKTeX\2.9\tex\latex\etoolbox\etoolbox.sty
Package: etoolbox 2017/01/02 v2.4 e-TeX tools for LaTeX (JAW)
\etb@tempcnta=\count79
)
\beamer@tempbox=\box26
\beamer@tempcount=\count80
\c@beamerpauses=\count81

(C:\Users\Marcus\AppData\Roaming\MiKTeX\2.9\tex\latex\beamer\beamerbasedecode.s
ty
\beamer@slideinframe=\count82
\beamer@minimum=\count83
)
\beamer@commentbox=\box27
\beamer@modecount=\count84
) ("C:\Program Files\MiKTeX 2.9\tex\generic\oberdiek\ifpdf.sty"
Package: ifpdf 2017/03/15 v3.2 Provides the ifpdf switch
)
\headdp=\dimen102
\footheight=\dimen103
\sidebarheight=\dimen104
\beamer@tempdim=\dimen105
\beamer@finalheight=\dimen106
\beamer@animht=\dimen107
\beamer@animdp=\dimen108
\beamer@animwd=\dimen109
\beamer@leftmargin=\dimen110
\beamer@rightmargin=\dimen111
\beamer@leftsidebar=\dimen112
\beamer@rightsidebar=\dimen113
\beamer@boxsize=\dimen114
\beamer@vboxoffset=\dimen115
\beamer@descdefault=\dimen116
\beamer@descriptionwidth=\dimen117
\beamer@lastskip=\skip41
\beamer@areabox=\box28
\beamer@animcurrent=\box29
\beamer@animshowbox=\box30
\beamer@sectionbox=\box31
\beamer@logobox=\box32
\beamer@linebox=\box33
\beamer@sectioncount=\count85
\beamer@subsubsectionmax=\count86
\beamer@subsectionmax=\count87
\beamer@sectionmax=\count88
\beamer@totalheads=\count89
\beamer@headcounter=\count90
\beamer@partstartpage=\count91
\beamer@sectionstartpage=\count92
\beamer@subsectionstartpage=\count93
\beamer@animationtempa=\count94
\beamer@animationtempb=\count95
\beamer@xpos=\count96
\beamer@ypos=\count97
\beamer@ypos@offset=\count98
\beamer@showpartnumber=\count99
\beamer@currentsubsection=\count100
\beamer@coveringdepth=\count101
\beamer@sectionadjust=\count102
\beamer@tocsectionnumber=\count103

(C:\Users\Marcus\AppData\Roaming\MiKTeX\2.9\tex\latex\beamer\beamerbaseoptions.
sty ("C:\Program Files\MiKTeX 2.9\tex\latex\graphics\keyval.sty"
Package: keyval 2014/10/28 v1.15 key=value parser (DPC)
\KV@toks@=\toks14
))
\beamer@paperwidth=\skip42
\beamer@paperheight=\skip43

("C:\Program Files\MiKTeX 2.9\tex\latex\geometry\geometry.sty"
Package: geometry 2010/09/12 v5.6 Page Geometry

("C:\Program Files\MiKTeX 2.9\tex\generic\oberdiek\ifvtex.sty"
Package: ifvtex 2016/05/16 v1.6 Detect VTeX and its facilities (HO)
Package ifvtex Info: VTeX not detected.
)
("C:\Program Files\MiKTeX 2.9\tex\generic\ifxetex\ifxetex.sty"
Package: ifxetex 2010/09/12 v0.6 Provides ifxetex conditional
)
\Gm@cnth=\count104
\Gm@cntv=\count105
\c@Gm@tempcnt=\count106
\Gm@bindingoffset=\dimen118
\Gm@wd@mp=\dimen119
\Gm@odd@mp=\dimen120
\Gm@even@mp=\dimen121
\Gm@layoutwidth=\dimen122
\Gm@layoutheight=\dimen123
\Gm@layouthoffset=\dimen124
\Gm@layoutvoffset=\dimen125
\Gm@dimlist=\toks15

("C:\Program Files\MiKTeX 2.9\tex\latex\geometry\geometry.cfg"))

Class beamer Warning: ``serif'' is obsolete. Use font theme ``serif'' instead o
n input line 336.

("C:\Program Files\MiKTeX 2.9\tex\latex\base\size11.clo"
File: size11.clo 2014/09/29 v1.4h Standard LaTeX file (size option)
)
(C:\Users\Marcus\AppData\Roaming\MiKTeX\2.9\tex\latex\pgf\basiclayer\pgfcore.st
y ("C:\Program Files\MiKTeX 2.9\tex\latex\graphics\graphicx.sty"
Package: graphicx 2014/10/28 v1.0g Enhanced LaTeX Graphics (DPC,SPQR)

("C:\Program Files\MiKTeX 2.9\tex\latex\graphics\graphics.sty"
Package: graphics 2017/04/14 v1.1b Standard LaTeX Graphics (DPC,SPQR)

("C:\Program Files\MiKTeX 2.9\tex\latex\graphics\trig.sty"
Package: trig 2016/01/03 v1.10 sin cos tan (DPC)
)
("C:\Program Files\MiKTeX 2.9\tex\latex\graphics-cfg\graphics.cfg"
File: graphics.cfg 2016/06/04 v1.11 sample graphics configuration
)
Package graphics Info: Driver file: pdftex.def on input line 99.

("C:\Program Files\MiKTeX 2.9\tex\latex\graphics-def\pdftex.def"
File: pdftex.def 2017/01/12 v0.06k Graphics/color for pdfTeX

("C:\Program Files\MiKTeX 2.9\tex\generic\oberdiek\infwarerr.sty"
Package: infwarerr 2016/05/16 v1.4 Providing info/warning/error messages (HO)
)
("C:\Program Files\MiKTeX 2.9\tex\generic\oberdiek\ltxcmds.sty"
Package: ltxcmds 2016/05/16 v1.23 LaTeX kernel commands for general use (HO)
)
\Gread@gobject=\count107
))
\Gin@req@height=\dimen126
\Gin@req@width=\dimen127
)
(C:\Users\Marcus\AppData\Roaming\MiKTeX\2.9\tex\latex\pgf\systemlayer\pgfsys.st
y
(C:\Users\Marcus\AppData\Roaming\MiKTeX\2.9\tex\latex\pgf\utilities\pgfrcs.sty
(C:\Users\Marcus\AppData\Roaming\MiKTeX\2.9\tex\generic\pgf\utilities\pgfutil-c
ommon.tex
\pgfutil@everybye=\toks16
\pgfutil@tempdima=\dimen128
\pgfutil@tempdimb=\dimen129

(C:\Users\Marcus\AppData\Roaming\MiKTeX\2.9\tex\generic\pgf\utilities\pgfutil-c
ommon-lists.tex))
(C:\Users\Marcus\AppData\Roaming\MiKTeX\2.9\tex\generic\pgf\utilities\pgfutil-l
atex.def
\pgfutil@abb=\box34
 (C:\Users\Marcus\AppData\Roaming\MiKTeX\2.9\tex\latex\ms\everyshi.sty
Package: everyshi 2001/05/15 v3.00 EveryShipout Package (MS)
))
(C:\Users\Marcus\AppData\Roaming\MiKTeX\2.9\tex\generic\pgf\utilities\pgfrcs.co
de.tex
Package: pgfrcs 2015/08/07 v3.0.1a (rcs-revision 1.31)
))
(C:\Users\Marcus\AppData\Roaming\MiKTeX\2.9\tex\generic\pgf\systemlayer\pgfsys.
code.tex
Package: pgfsys 2014/07/09 v3.0.1a (rcs-revision 1.48)

(C:\Users\Marcus\AppData\Roaming\MiKTeX\2.9\tex\generic\pgf\utilities\pgfkeys.c
ode.tex
\pgfkeys@pathtoks=\toks17
\pgfkeys@temptoks=\toks18

(C:\Users\Marcus\AppData\Roaming\MiKTeX\2.9\tex\generic\pgf\utilities\pgfkeysfi
ltered.code.tex
\pgfkeys@tmptoks=\toks19
))
\pgf@x=\dimen130
\pgf@y=\dimen131
\pgf@xa=\dimen132
\pgf@ya=\dimen133
\pgf@xb=\dimen134
\pgf@yb=\dimen135
\pgf@xc=\dimen136
\pgf@yc=\dimen137
\w@pgf@writea=\write3
\r@pgf@reada=\read1
\c@pgf@counta=\count108
\c@pgf@countb=\count109
\c@pgf@countc=\count110
\c@pgf@countd=\count111
\t@pgf@toka=\toks20
\t@pgf@tokb=\toks21
\t@pgf@tokc=\toks22

(C:\Users\Marcus\AppData\Roaming\MiKTeX\2.9\tex\generic\pgf\systemlayer\pgf.cfg
File: pgf.cfg 2008/05/14  (rcs-revision 1.7)
)
Driver file for pgf: pgfsys-pdftex.def

(C:\Users\Marcus\AppData\Roaming\MiKTeX\2.9\tex\generic\pgf\systemlayer\pgfsys-
pdftex.def
File: pgfsys-pdftex.def 2014/10/11  (rcs-revision 1.35)

(C:\Users\Marcus\AppData\Roaming\MiKTeX\2.9\tex\generic\pgf\systemlayer\pgfsys-
common-pdf.def
File: pgfsys-common-pdf.def 2013/10/10  (rcs-revision 1.13)
)))
(C:\Users\Marcus\AppData\Roaming\MiKTeX\2.9\tex\generic\pgf\systemlayer\pgfsyss
oftpath.code.tex
File: pgfsyssoftpath.code.tex 2013/09/09  (rcs-revision 1.9)
\pgfsyssoftpath@smallbuffer@items=\count112
\pgfsyssoftpath@bigbuffer@items=\count113
)
(C:\Users\Marcus\AppData\Roaming\MiKTeX\2.9\tex\generic\pgf\systemlayer\pgfsysp
rotocol.code.tex
File: pgfsysprotocol.code.tex 2006/10/16  (rcs-revision 1.4)
))
(C:\Users\Marcus\AppData\Roaming\MiKTeX\2.9\tex\latex\xcolor\xcolor.sty
Package: xcolor 2016/05/11 v2.12 LaTeX color extensions (UK)

("C:\Program Files\MiKTeX 2.9\tex\latex\graphics-cfg\color.cfg"
File: color.cfg 2016/01/02 v1.6 sample color configuration
)
Package xcolor Info: Driver file: pdftex.def on input line 225.
Package xcolor Info: Model `cmy' substituted by `cmy0' on input line 1348.
Package xcolor Info: Model `hsb' substituted by `rgb' on input line 1352.
Package xcolor Info: Model `RGB' extended on input line 1364.
Package xcolor Info: Model `HTML' substituted by `rgb' on input line 1366.
Package xcolor Info: Model `Hsb' substituted by `hsb' on input line 1367.
Package xcolor Info: Model `tHsb' substituted by `hsb' on input line 1368.
Package xcolor Info: Model `HSB' substituted by `hsb' on input line 1369.
Package xcolor Info: Model `Gray' substituted by `gray' on input line 1370.
Package xcolor Info: Model `wave' substituted by `hsb' on input line 1371.
)
(C:\Users\Marcus\AppData\Roaming\MiKTeX\2.9\tex\generic\pgf\basiclayer\pgfcore.
code.tex
Package: pgfcore 2010/04/11 v3.0.1a (rcs-revision 1.7)

(C:\Users\Marcus\AppData\Roaming\MiKTeX\2.9\tex\generic\pgf\math\pgfmath.code.t
ex
(C:\Users\Marcus\AppData\Roaming\MiKTeX\2.9\tex\generic\pgf\math\pgfmathcalc.co
de.tex
(C:\Users\Marcus\AppData\Roaming\MiKTeX\2.9\tex\generic\pgf\math\pgfmathutil.co
de.tex)
(C:\Users\Marcus\AppData\Roaming\MiKTeX\2.9\tex\generic\pgf\math\pgfmathparser.
code.tex
\pgfmath@dimen=\dimen138
\pgfmath@count=\count114
\pgfmath@box=\box35
\pgfmath@toks=\toks23
\pgfmath@stack@operand=\toks24
\pgfmath@stack@operation=\toks25
)
(C:\Users\Marcus\AppData\Roaming\MiKTeX\2.9\tex\generic\pgf\math\pgfmathfunctio
ns.code.tex
(C:\Users\Marcus\AppData\Roaming\MiKTeX\2.9\tex\generic\pgf\math\pgfmathfunctio
ns.basic.code.tex)
(C:\Users\Marcus\AppData\Roaming\MiKTeX\2.9\tex\generic\pgf\math\pgfmathfunctio
ns.trigonometric.code.tex)
(C:\Users\Marcus\AppData\Roaming\MiKTeX\2.9\tex\generic\pgf\math\pgfmathfunctio
ns.random.code.tex)
(C:\Users\Marcus\AppData\Roaming\MiKTeX\2.9\tex\generic\pgf\math\pgfmathfunctio
ns.comparison.code.tex)
(C:\Users\Marcus\AppData\Roaming\MiKTeX\2.9\tex\generic\pgf\math\pgfmathfunctio
ns.base.code.tex)
(C:\Users\Marcus\AppData\Roaming\MiKTeX\2.9\tex\generic\pgf\math\pgfmathfunctio
ns.round.code.tex)
(C:\Users\Marcus\AppData\Roaming\MiKTeX\2.9\tex\generic\pgf\math\pgfmathfunctio
ns.misc.code.tex)
(C:\Users\Marcus\AppData\Roaming\MiKTeX\2.9\tex\generic\pgf\math\pgfmathfunctio
ns.integerarithmetics.code.tex)))
(C:\Users\Marcus\AppData\Roaming\MiKTeX\2.9\tex\generic\pgf\math\pgfmathfloat.c
ode.tex
\c@pgfmathroundto@lastzeros=\count115
))
(C:\Users\Marcus\AppData\Roaming\MiKTeX\2.9\tex\generic\pgf\basiclayer\pgfcorep
oints.code.tex
File: pgfcorepoints.code.tex 2013/10/07  (rcs-revision 1.27)
\pgf@picminx=\dimen139
\pgf@picmaxx=\dimen140
\pgf@picminy=\dimen141
\pgf@picmaxy=\dimen142
\pgf@pathminx=\dimen143
\pgf@pathmaxx=\dimen144
\pgf@pathminy=\dimen145
\pgf@pathmaxy=\dimen146
\pgf@xx=\dimen147
\pgf@xy=\dimen148
\pgf@yx=\dimen149
\pgf@yy=\dimen150
\pgf@zx=\dimen151
\pgf@zy=\dimen152
)
(C:\Users\Marcus\AppData\Roaming\MiKTeX\2.9\tex\generic\pgf\basiclayer\pgfcorep
athconstruct.code.tex
File: pgfcorepathconstruct.code.tex 2013/10/07  (rcs-revision 1.29)
\pgf@path@lastx=\dimen153
\pgf@path@lasty=\dimen154
)
(C:\Users\Marcus\AppData\Roaming\MiKTeX\2.9\tex\generic\pgf\basiclayer\pgfcorep
athusage.code.tex
File: pgfcorepathusage.code.tex 2014/11/02  (rcs-revision 1.24)
\pgf@shorten@end@additional=\dimen155
\pgf@shorten@start@additional=\dimen156
)
(C:\Users\Marcus\AppData\Roaming\MiKTeX\2.9\tex\generic\pgf\basiclayer\pgfcores
copes.code.tex
File: pgfcorescopes.code.tex 2015/05/08  (rcs-revision 1.46)
\pgfpic=\box36
\pgf@hbox=\box37
\pgf@layerbox@main=\box38
\pgf@picture@serial@count=\count116
)
(C:\Users\Marcus\AppData\Roaming\MiKTeX\2.9\tex\generic\pgf\basiclayer\pgfcoreg
raphicstate.code.tex
File: pgfcoregraphicstate.code.tex 2014/11/02  (rcs-revision 1.12)
\pgflinewidth=\dimen157
)
(C:\Users\Marcus\AppData\Roaming\MiKTeX\2.9\tex\generic\pgf\basiclayer\pgfcoret
ransformations.code.tex
File: pgfcoretransformations.code.tex 2015/08/07  (rcs-revision 1.20)
\pgf@pt@x=\dimen158
\pgf@pt@y=\dimen159
\pgf@pt@temp=\dimen160
)
(C:\Users\Marcus\AppData\Roaming\MiKTeX\2.9\tex\generic\pgf\basiclayer\pgfcoreq
uick.code.tex
File: pgfcorequick.code.tex 2008/10/09  (rcs-revision 1.3)
)
(C:\Users\Marcus\AppData\Roaming\MiKTeX\2.9\tex\generic\pgf\basiclayer\pgfcoreo
bjects.code.tex
File: pgfcoreobjects.code.tex 2006/10/11  (rcs-revision 1.2)
)
(C:\Users\Marcus\AppData\Roaming\MiKTeX\2.9\tex\generic\pgf\basiclayer\pgfcorep
athprocessing.code.tex
File: pgfcorepathprocessing.code.tex 2013/09/09  (rcs-revision 1.9)
)
(C:\Users\Marcus\AppData\Roaming\MiKTeX\2.9\tex\generic\pgf\basiclayer\pgfcorea
rrows.code.tex
File: pgfcorearrows.code.tex 2015/05/14  (rcs-revision 1.43)
\pgfarrowsep=\dimen161
)
(C:\Users\Marcus\AppData\Roaming\MiKTeX\2.9\tex\generic\pgf\basiclayer\pgfcores
hade.code.tex
File: pgfcoreshade.code.tex 2013/07/15  (rcs-revision 1.15)
\pgf@max=\dimen162
\pgf@sys@shading@range@num=\count117
)
(C:\Users\Marcus\AppData\Roaming\MiKTeX\2.9\tex\generic\pgf\basiclayer\pgfcorei
mage.code.tex
File: pgfcoreimage.code.tex 2013/07/15  (rcs-revision 1.18)

(C:\Users\Marcus\AppData\Roaming\MiKTeX\2.9\tex\generic\pgf\basiclayer\pgfcoree
xternal.code.tex
File: pgfcoreexternal.code.tex 2014/07/09  (rcs-revision 1.21)
\pgfexternal@startupbox=\box39
))
(C:\Users\Marcus\AppData\Roaming\MiKTeX\2.9\tex\generic\pgf\basiclayer\pgfcorel
ayers.code.tex
File: pgfcorelayers.code.tex 2013/07/18  (rcs-revision 1.7)
)
(C:\Users\Marcus\AppData\Roaming\MiKTeX\2.9\tex\generic\pgf\basiclayer\pgfcoret
ransparency.code.tex
File: pgfcoretransparency.code.tex 2013/09/30  (rcs-revision 1.5)
)
(C:\Users\Marcus\AppData\Roaming\MiKTeX\2.9\tex\generic\pgf\basiclayer\pgfcorep
atterns.code.tex
File: pgfcorepatterns.code.tex 2013/11/07  (rcs-revision 1.5)
)))
(C:\Users\Marcus\AppData\Roaming\MiKTeX\2.9\tex\latex\pgf\utilities\xxcolor.sty
Package: xxcolor 2003/10/24 ver 0.1
\XC@nummixins=\count118
\XC@countmixins=\count119
) ("C:\Program Files\MiKTeX 2.9\tex\generic\oberdiek\atbegshi.sty"
Package: atbegshi 2016/06/09 v1.18 At begin shipout hook (HO)
)
("C:\Program Files\MiKTeX 2.9\tex\latex\hyperref\hyperref.sty"
Package: hyperref 2017/03/14 v6.85a Hypertext links for LaTeX

("C:\Program Files\MiKTeX 2.9\tex\generic\oberdiek\hobsub-hyperref.sty"
Package: hobsub-hyperref 2016/05/16 v1.14 Bundle oberdiek, subset hyperref (HO)


("C:\Program Files\MiKTeX 2.9\tex\generic\oberdiek\hobsub-generic.sty"
Package: hobsub-generic 2016/05/16 v1.14 Bundle oberdiek, subset generic (HO)
Package: hobsub 2016/05/16 v1.14 Construct package bundles (HO)
Package hobsub Info: Skipping package `infwarerr' (already loaded).
Package hobsub Info: Skipping package `ltxcmds' (already loaded).
Package: ifluatex 2016/05/16 v1.4 Provides the ifluatex switch (HO)
Package ifluatex Info: LuaTeX not detected.
Package hobsub Info: Skipping package `ifvtex' (already loaded).
Package: intcalc 2016/05/16 v1.2 Expandable calculations with integers (HO)
Package hobsub Info: Skipping package `ifpdf' (already loaded).
Package: etexcmds 2016/05/16 v1.6 Avoid name clashes with e-TeX commands (HO)
Package etexcmds Info: Could not find \expanded.
(etexcmds)             That can mean that you are not using pdfTeX 1.50 or
(etexcmds)             that some package has redefined \expanded.
(etexcmds)             In the latter case, load this package earlier.
Package: kvsetkeys 2016/05/16 v1.17 Key value parser (HO)
Package: kvdefinekeys 2016/05/16 v1.4 Define keys (HO)
Package: pdftexcmds 2017/03/19 v0.25 Utility functions of pdfTeX for LuaTeX (HO
)
Package pdftexcmds Info: LuaTeX not detected.
Package pdftexcmds Info: \pdf@primitive is available.
Package pdftexcmds Info: \pdf@ifprimitive is available.
Package pdftexcmds Info: \pdfdraftmode found.
Package: pdfescape 2016/05/16 v1.14 Implements pdfTeX's escape features (HO)
Package: bigintcalc 2016/05/16 v1.4 Expandable calculations on big integers (HO
)
Package: bitset 2016/05/16 v1.2 Handle bit-vector datatype (HO)
Package: uniquecounter 2016/05/16 v1.3 Provide unlimited unique counter (HO)
)
Package hobsub Info: Skipping package `hobsub' (already loaded).
Package: letltxmacro 2016/05/16 v1.5 Let assignment for LaTeX macros (HO)
Package: hopatch 2016/05/16 v1.3 Wrapper for package hooks (HO)
Package: xcolor-patch 2016/05/16 xcolor patch
Package: atveryend 2016/05/16 v1.9 Hooks at the very end of document (HO)
Package hobsub Info: Skipping package `atbegshi' (already loaded).
Package: refcount 2016/05/16 v3.5 Data extraction from label references (HO)
Package: hycolor 2016/05/16 v1.8 Color options for hyperref/bookmark (HO)
)
("C:\Program Files\MiKTeX 2.9\tex\latex\oberdiek\auxhook.sty"
Package: auxhook 2016/05/16 v1.4 Hooks for auxiliary files (HO)
)
("C:\Program Files\MiKTeX 2.9\tex\latex\oberdiek\kvoptions.sty"
Package: kvoptions 2016/05/16 v3.12 Key value format for package options (HO)
)
\@linkdim=\dimen163
\Hy@linkcounter=\count120
\Hy@pagecounter=\count121

("C:\Program Files\MiKTeX 2.9\tex\latex\hyperref\pd1enc.def"
File: pd1enc.def 2017/03/14 v6.85a Hyperref: PDFDocEncoding definition (HO)
)
\Hy@SavedSpaceFactor=\count122

("C:\Program Files\MiKTeX 2.9\tex\latex\00miktex\hyperref.cfg"
File: hyperref.cfg 2002/06/06 v1.2 hyperref configuration of TeXLive
)
Package hyperref Info: Option `bookmarks' set `true' on input line 4374.
Package hyperref Info: Option `bookmarksopen' set `true' on input line 4374.
Package hyperref Info: Option `implicit' set `false' on input line 4374.
Package hyperref Info: Hyper figures OFF on input line 4498.
Package hyperref Info: Link nesting OFF on input line 4503.
Package hyperref Info: Hyper index ON on input line 4506.
Package hyperref Info: Plain pages OFF on input line 4513.
Package hyperref Info: Backreferencing OFF on input line 4518.
Package hyperref Info: Implicit mode OFF; no redefinition of LaTeX internals.
Package hyperref Info: Bookmarks ON on input line 4751.
\c@Hy@tempcnt=\count123

(C:\Users\Marcus\AppData\Roaming\MiKTeX\2.9\tex\latex\url\url.sty
\Urlmuskip=\muskip10
Package: url 2013/09/16  ver 3.4  Verb mode for urls, etc.
)
LaTeX Info: Redefining \url on input line 5104.
\XeTeXLinkMargin=\dimen164
\Fld@menulength=\count124
\Field@Width=\dimen165
\Fld@charsize=\dimen166
Package hyperref Info: Hyper figures OFF on input line 6358.
Package hyperref Info: Link nesting OFF on input line 6363.
Package hyperref Info: Hyper index ON on input line 6366.
Package hyperref Info: backreferencing OFF on input line 6373.
Package hyperref Info: Link coloring OFF on input line 6378.
Package hyperref Info: Link coloring with OCG OFF on input line 6383.
Package hyperref Info: PDF/A mode OFF on input line 6388.
LaTeX Info: Redefining \ref on input line 6428.
LaTeX Info: Redefining \pageref on input line 6432.
\Hy@abspage=\count125


Package hyperref Message: Stopped early.

)

Package hyperref Message: Driver (autodetected): hpdftex.

("C:\Program Files\MiKTeX 2.9\tex\latex\hyperref\hpdftex.def"
File: hpdftex.def 2017/03/14 v6.85a Hyperref driver for pdfTeX
\Fld@listcount=\count126
\c@bookmark@seq@number=\count127

("C:\Program Files\MiKTeX 2.9\tex\latex\oberdiek\rerunfilecheck.sty"
Package: rerunfilecheck 2016/05/16 v1.8 Rerun checks for auxiliary files (HO)
Package uniquecounter Info: New unique counter `rerunfilecheck' on input line 2
82.
))
(C:\Users\Marcus\AppData\Roaming\MiKTeX\2.9\tex\latex\beamer\beamerbaserequires
.sty
(C:\Users\Marcus\AppData\Roaming\MiKTeX\2.9\tex\latex\beamer\beamerbasecompatib
ility.sty)
(C:\Users\Marcus\AppData\Roaming\MiKTeX\2.9\tex\latex\beamer\beamerbasefont.sty
("C:\Program Files\MiKTeX 2.9\tex\latex\amsfonts\amssymb.sty"
Package: amssymb 2013/01/14 v3.01 AMS font symbols

("C:\Program Files\MiKTeX 2.9\tex\latex\amsfonts\amsfonts.sty"
Package: amsfonts 2013/01/14 v3.01 Basic AMSFonts support
\@emptytoks=\toks26
\symAMSa=\mathgroup4
\symAMSb=\mathgroup5
LaTeX Font Info:    Overwriting math alphabet `\mathfrak' in version `bold'
(Font)                  U/euf/m/n --> U/euf/b/n on input line 106.
)))
(C:\Users\Marcus\AppData\Roaming\MiKTeX\2.9\tex\latex\beamer\beamerbasetranslat
or.sty
(C:\Users\Marcus\AppData\Roaming\MiKTeX\2.9\tex\latex\translator\translator.sty
Package: translator 2018/01/04 v1.12 Easy translation of strings in LaTeX
))
(C:\Users\Marcus\AppData\Roaming\MiKTeX\2.9\tex\latex\beamer\beamerbasemisc.sty
)
(C:\Users\Marcus\AppData\Roaming\MiKTeX\2.9\tex\latex\beamer\beamerbasetwoscree
ns.sty)
(C:\Users\Marcus\AppData\Roaming\MiKTeX\2.9\tex\latex\beamer\beamerbaseoverlay.
sty
\beamer@argscount=\count128
\beamer@lastskipcover=\skip44
\beamer@trivlistdepth=\count129
)
(C:\Users\Marcus\AppData\Roaming\MiKTeX\2.9\tex\latex\beamer\beamerbasetitle.st
y)
(C:\Users\Marcus\AppData\Roaming\MiKTeX\2.9\tex\latex\beamer\beamerbasesection.
sty
\c@lecture=\count130
\c@part=\count131
\c@section=\count132
\c@subsection=\count133
\c@subsubsection=\count134
)
(C:\Users\Marcus\AppData\Roaming\MiKTeX\2.9\tex\latex\beamer\beamerbaseframe.st
y
\beamer@framebox=\box40
\beamer@frametitlebox=\box41
\beamer@zoombox=\box42
\beamer@zoomcount=\count135
\beamer@zoomframecount=\count136
\beamer@frametextheight=\dimen167
\c@subsectionslide=\count137
\beamer@frametopskip=\skip45
\beamer@framebottomskip=\skip46
\beamer@frametopskipautobreak=\skip47
\beamer@framebottomskipautobreak=\skip48
\beamer@envbody=\toks27
\framewidth=\dimen168
\c@framenumber=\count138
)
(C:\Users\Marcus\AppData\Roaming\MiKTeX\2.9\tex\latex\beamer\beamerbaseverbatim
.sty
\beamer@verbatimfileout=\write4
)
(C:\Users\Marcus\AppData\Roaming\MiKTeX\2.9\tex\latex\beamer\beamerbaseframesiz
e.sty
\beamer@splitbox=\box43
\beamer@autobreakcount=\count139
\beamer@autobreaklastheight=\dimen169
\beamer@frametitletoks=\toks28
\beamer@framesubtitletoks=\toks29
)
(C:\Users\Marcus\AppData\Roaming\MiKTeX\2.9\tex\latex\beamer\beamerbaseframecom
ponents.sty
\beamer@footins=\box44
)
(C:\Users\Marcus\AppData\Roaming\MiKTeX\2.9\tex\latex\beamer\beamerbasecolor.st
y
\beamer@bg@ht=\dimen170
\beamer@bg@wd=\dimen171
\beamer@bg@dp=\dimen172
)
(C:\Users\Marcus\AppData\Roaming\MiKTeX\2.9\tex\latex\beamer\beamerbasenotes.st
y
\beamer@frameboxcopy=\box45
)
(C:\Users\Marcus\AppData\Roaming\MiKTeX\2.9\tex\latex\beamer\beamerbasetoc.sty)

(C:\Users\Marcus\AppData\Roaming\MiKTeX\2.9\tex\latex\beamer\beamerbasetemplate
s.sty
\beamer@sbttoks=\toks30

(C:\Users\Marcus\AppData\Roaming\MiKTeX\2.9\tex\latex\beamer\beamerbaseauxtempl
ates.sty
(C:\Users\Marcus\AppData\Roaming\MiKTeX\2.9\tex\latex\beamer\beamerbaseboxes.st
y
\bmb@box=\box46
\bmb@colorbox=\box47
\bmb@boxshadow=\box48
\bmb@boxshadowball=\box49
\bmb@boxshadowballlarge=\box50
\bmb@temp=\dimen173
\bmb@dima=\dimen174
\bmb@dimb=\dimen175
\bmb@prevheight=\dimen176
)
\beamer@blockheadheight=\dimen177
))
(C:\Users\Marcus\AppData\Roaming\MiKTeX\2.9\tex\latex\beamer\beamerbaselocalstr
ucture.sty ("C:\Program Files\MiKTeX 2.9\tex\latex\tools\enumerate.sty"
Package: enumerate 2015/07/23 v3.00 enumerate extensions (DPC)
\@enLab=\toks31
)
\c@figure=\count140
\c@table=\count141
\abovecaptionskip=\skip49
\belowcaptionskip=\skip50
)
(C:\Users\Marcus\AppData\Roaming\MiKTeX\2.9\tex\latex\beamer\beamerbasenavigati
on.sty
\beamer@section@min@dim=\dimen178
)
(C:\Users\Marcus\AppData\Roaming\MiKTeX\2.9\tex\latex\beamer\beamerbasetheorems
.sty ("C:\Program Files\MiKTeX 2.9\tex\latex\amsmath\amsmath.sty"
Package: amsmath 2016/11/05 v2.16a AMS math features
\@mathmargin=\skip51

For additional information on amsmath, use the `?' option.
("C:\Program Files\MiKTeX 2.9\tex\latex\amsmath\amstext.sty"
Package: amstext 2000/06/29 v2.01 AMS text

("C:\Program Files\MiKTeX 2.9\tex\latex\amsmath\amsgen.sty"
File: amsgen.sty 1999/11/30 v2.0 generic functions
\@emptytoks=\toks32
\ex@=\dimen179
))
("C:\Program Files\MiKTeX 2.9\tex\latex\amsmath\amsbsy.sty"
Package: amsbsy 1999/11/29 v1.2d Bold Symbols
\pmbraise@=\dimen180
)
("C:\Program Files\MiKTeX 2.9\tex\latex\amsmath\amsopn.sty"
Package: amsopn 2016/03/08 v2.02 operator names
)
\inf@bad=\count142
LaTeX Info: Redefining \frac on input line 213.
\uproot@=\count143
\leftroot@=\count144
LaTeX Info: Redefining \overline on input line 375.
\classnum@=\count145
\DOTSCASE@=\count146
LaTeX Info: Redefining \ldots on input line 472.
LaTeX Info: Redefining \dots on input line 475.
LaTeX Info: Redefining \cdots on input line 596.
\Mathstrutbox@=\box51
\strutbox@=\box52
\big@size=\dimen181
LaTeX Font Info:    Redeclaring font encoding OML on input line 712.
LaTeX Font Info:    Redeclaring font encoding OMS on input line 713.
\macc@depth=\count147
\c@MaxMatrixCols=\count148
\dotsspace@=\muskip11
\c@parentequation=\count149
\dspbrk@lvl=\count150
\tag@help=\toks33
\row@=\count151
\column@=\count152
\maxfields@=\count153
\andhelp@=\toks34
\eqnshift@=\dimen182
\alignsep@=\dimen183
\tagshift@=\dimen184
\tagwidth@=\dimen185
\totwidth@=\dimen186
\lineht@=\dimen187
\@envbody=\toks35
\multlinegap=\skip52
\multlinetaggap=\skip53
\mathdisplay@stack=\toks36
LaTeX Info: Redefining \[ on input line 2817.
LaTeX Info: Redefining \] on input line 2818.
)
("C:\Program Files\MiKTeX 2.9\tex\latex\amscls\amsthm.sty"
Package: amsthm 2015/03/04 v2.20.2
\thm@style=\toks37
\thm@bodyfont=\toks38
\thm@headfont=\toks39
\thm@notefont=\toks40
\thm@headpunct=\toks41
\thm@preskip=\skip54
\thm@postskip=\skip55
\thm@headsep=\skip56
\dth@everypar=\toks42
)
\c@theorem=\count154
)
(C:\Users\Marcus\AppData\Roaming\MiKTeX\2.9\tex\latex\beamer\beamerbasethemes.s
ty))
(C:\Users\Marcus\AppData\Roaming\MiKTeX\2.9\tex\latex\beamer\beamerthemedefault
.sty
(C:\Users\Marcus\AppData\Roaming\MiKTeX\2.9\tex\latex\beamer\beamerfontthemedef
ault.sty)
(C:\Users\Marcus\AppData\Roaming\MiKTeX\2.9\tex\latex\beamer\beamercolorthemede
fault.sty)
(C:\Users\Marcus\AppData\Roaming\MiKTeX\2.9\tex\latex\beamer\beamerinnerthemede
fault.sty
\beamer@dima=\dimen188
\beamer@dimb=\dimen189
)
(C:\Users\Marcus\AppData\Roaming\MiKTeX\2.9\tex\latex\beamer\beamerouterthemede
fault.sty)))
(C:\Users\Marcus\AppData\Roaming\MiKTeX\2.9\tex\latex\framed\framed.sty
Package: framed 2011/10/22 v 0.96: framed or shaded text with page breaks
\OuterFrameSep=\skip57
\fb@frw=\dimen190
\fb@frh=\dimen191
\FrameRule=\dimen192
\FrameSep=\dimen193
)
("C:\Program Files\MiKTeX 2.9\tex\latex\base\alltt.sty"
Package: alltt 1997/06/16 v2.0g defines alltt environment
)
(C:\Users\Marcus\AppData\Roaming\MiKTeX\2.9\tex\latex\beamer\beamerthemeBoadill
a.sty
(C:\Users\Marcus\AppData\Roaming\MiKTeX\2.9\tex\latex\beamer\beamercolorthemero
se.sty)
(C:\Users\Marcus\AppData\Roaming\MiKTeX\2.9\tex\latex\beamer\beamerinnerthemero
unded.sty)
(C:\Users\Marcus\AppData\Roaming\MiKTeX\2.9\tex\latex\beamer\beamercolorthemedo
lphin.sty)
(C:\Users\Marcus\AppData\Roaming\MiKTeX\2.9\tex\latex\beamer\beamerouterthemein
folines.sty))
(C:\Users\Marcus\AppData\Roaming\MiKTeX\2.9\tex\latex\animate\animate.sty
Package: animate 2018/02/28 PDF animations from files and inline graphics

("C:\Program Files\MiKTeX 2.9\tex\latex\xkeyval\xkeyval.sty"
Package: xkeyval 2014/12/03 v2.7a package option processing (HA)

("C:\Program Files\MiKTeX 2.9\tex\generic\xkeyval\xkeyval.tex"
("C:\Program Files\MiKTeX 2.9\tex\generic\xkeyval\xkvutils.tex"
\XKV@toks=\toks43
\XKV@tempa@toks=\toks44
)
\XKV@depth=\count155
File: xkeyval.tex 2014/12/03 v2.7a key=value parser (HA)
))
("C:\Program Files\MiKTeX 2.9\tex\latex\base\ifthen.sty"
Package: ifthen 2014/09/29 v1.1c Standard LaTeX ifthen package (DPC)
)
("C:\Program Files\MiKTeX 2.9\tex\latex\oberdiek\ifdraft.sty"
Package: ifdraft 2016/05/16 v1.4 Detect class options draft and final (HO)
)
("C:\Program Files\MiKTeX 2.9\tex\latex\tools\calc.sty"
Package: calc 2014/10/28 v4.3 Infix arithmetic (KKT,FJ)
\calc@Acount=\count156
\calc@Bcount=\count157
\calc@Adimen=\dimen194
\calc@Bdimen=\dimen195
\calc@Askip=\skip58
\calc@Bskip=\skip59
LaTeX Info: Redefining \setlength on input line 80.
LaTeX Info: Redefining \addtolength on input line 81.
\calc@Ccount=\count158
\calc@Cskip=\skip60
)
(C:\Users\Marcus\AppData\Roaming\MiKTeX\2.9\tex\latex\media9\pdfbase.sty
(C:\Users\Marcus\AppData\Roaming\MiKTeX\2.9\tex\latex\l3kernel\expl3.sty
Package: expl3 2018/03/05 L3 programming layer (loader) 

(C:\Users\Marcus\AppData\Roaming\MiKTeX\2.9\tex\latex\l3kernel\expl3-code.tex
Package: expl3 2018/03/05 L3 programming layer (code)
\c_max_int=\count159
\l_tmpa_int=\count160
\l_tmpb_int=\count161
\g_tmpa_int=\count162
\g_tmpb_int=\count163
\g__intarray_font_int=\count164
\g__prg_map_int=\count165
\c_log_iow=\count166
\l_iow_line_count_int=\count167
\l__iow_line_target_int=\count168
\l__iow_one_indent_int=\count169
\l__iow_indent_int=\count170
\c_zero_dim=\dimen196
\c_max_dim=\dimen197
\l_tmpa_dim=\dimen198
\l_tmpb_dim=\dimen199
\g_tmpa_dim=\dimen256
\g_tmpb_dim=\dimen257
\c_zero_skip=\skip61
\c_max_skip=\skip62
\l_tmpa_skip=\skip63
\l_tmpb_skip=\skip64
\g_tmpa_skip=\skip65
\g_tmpb_skip=\skip66
\c_zero_muskip=\muskip12
\c_max_muskip=\muskip13
\l_tmpa_muskip=\muskip14
\l_tmpb_muskip=\muskip15
\g_tmpa_muskip=\muskip16
\g_tmpb_muskip=\muskip17
\l_keys_choice_int=\count171
\c__fp_leading_shift_int=\count172
\c__fp_middle_shift_int=\count173
\c__fp_trailing_shift_int=\count174
\c__fp_big_leading_shift_int=\count175
\c__fp_big_middle_shift_int=\count176
\c__fp_big_trailing_shift_int=\count177
\c__fp_Bigg_leading_shift_int=\count178
\c__fp_Bigg_middle_shift_int=\count179
\c__fp_Bigg_trailing_shift_int=\count180
\c__fp_rand_size_int=\count181
\c__fp_rand_four_int=\count182
\c__fp_rand_eight_int=\count183
\l__sort_length_int=\count184
\l__sort_min_int=\count185
\l__sort_top_int=\count186
\l__sort_max_int=\count187
\l__sort_true_max_int=\count188
\l__sort_block_int=\count189
\l__sort_begin_int=\count190
\l__sort_end_int=\count191
\l__sort_A_int=\count192
\l__sort_B_int=\count193
\l__sort_C_int=\count194
\l__tl_build_start_index_int=\count195
\l__tl_build_index_int=\count196
\l__tl_analysis_normal_int=\count197
\l__tl_analysis_index_int=\count198
\l__tl_analysis_nesting_int=\count199
\l__tl_analysis_type_int=\count266
\l__regex_internal_a_int=\count267
\l__regex_internal_b_int=\count268
\l__regex_internal_c_int=\count269
\l__regex_balance_int=\count270
\l__regex_group_level_int=\count271
\l__regex_mode_int=\count272
\c__regex_cs_in_class_mode_int=\count273
\c__regex_cs_mode_int=\count274
\l__regex_catcodes_int=\count275
\l__regex_default_catcodes_int=\count276
\c__regex_catcode_D_int=\count277
\c__regex_catcode_S_int=\count278
\c__regex_catcode_L_int=\count279
\c__regex_catcode_O_int=\count280
\c__regex_catcode_A_int=\count281
\c__regex_all_catcodes_int=\count282
\l__regex_show_lines_int=\count283
\l__regex_min_state_int=\count284
\l__regex_max_state_int=\count285
\l__regex_left_state_int=\count286
\l__regex_right_state_int=\count287
\l__regex_capturing_group_int=\count288
\l__regex_min_pos_int=\count289
\l__regex_max_pos_int=\count290
\l__regex_curr_pos_int=\count291
\l__regex_start_pos_int=\count292
\l__regex_success_pos_int=\count293
\l__regex_curr_char_int=\count294
\l__regex_curr_catcode_int=\count295
\l__regex_last_char_int=\count296
\l__regex_case_changed_char_int=\count297
\l__regex_curr_state_int=\count298
\l__regex_step_int=\count299
\l__regex_min_active_int=\count300
\l__regex_max_active_int=\count301
\l__regex_replacement_csnames_int=\count302
\l__regex_match_count_int=\count303
\l__regex_min_submatch_int=\count304
\l__regex_submatch_int=\count305
\l__regex_zeroth_submatch_int=\count306
\g__regex_trace_regex_int=\count307
\c_empty_box=\box53
\l_tmpa_box=\box54
\l_tmpb_box=\box55
\g_tmpa_box=\box56
\g_tmpb_box=\box57
\l__box_top_dim=\dimen258
\l__box_bottom_dim=\dimen259
\l__box_left_dim=\dimen260
\l__box_right_dim=\dimen261
\l__box_top_new_dim=\dimen262
\l__box_bottom_new_dim=\dimen263
\l__box_left_new_dim=\dimen264
\l__box_right_new_dim=\dimen265
\l__box_internal_box=\box58
\l__coffin_internal_box=\box59
\l__coffin_internal_dim=\dimen266
\l__coffin_offset_x_dim=\dimen267
\l__coffin_offset_y_dim=\dimen268
\l__coffin_x_dim=\dimen269
\l__coffin_y_dim=\dimen270
\l__coffin_x_prime_dim=\dimen271
\l__coffin_y_prime_dim=\dimen272
\c_empty_coffin=\box60
\l__coffin_aligned_coffin=\box61
\l__coffin_aligned_internal_coffin=\box62
\l_tmpa_coffin=\box63
\l_tmpb_coffin=\box64
\l__coffin_display_coffin=\box65
\l__coffin_display_coord_coffin=\box66
\l__coffin_display_pole_coffin=\box67
\l__coffin_display_offset_dim=\dimen273
\l__coffin_display_x_dim=\dimen274
\l__coffin_display_y_dim=\dimen275
\l__coffin_bounding_shift_dim=\dimen276
\l__coffin_left_corner_dim=\dimen277
\l__coffin_right_corner_dim=\dimen278
\l__coffin_bottom_corner_dim=\dimen279
\l__coffin_top_corner_dim=\dimen280
\l__coffin_scaled_total_height_dim=\dimen281
\l__coffin_scaled_width_dim=\dimen282
)
(C:\Users\Marcus\AppData\Roaming\MiKTeX\2.9\tex\latex\l3kernel\l3pdfmode.def
File: l3pdfmode.def 2017/03/18 v L3 Experimental driver: PDF mode
\l__driver_color_stack_int=\count308
))
(C:\Users\Marcus\AppData\Roaming\MiKTeX\2.9\tex\latex\l3packages\l3keys2e\l3key
s2e.sty
Package: l3keys2e 2018/02/21 LaTeX2e option processing using LaTeX3 keys
)
Package: pdfbase 2018/04/06 v0.23 driver independent access to low-level PDF fe
atures
\g_pbs_page_int=\count309
\g_pbs_oc_int=\count310
)
(C:\Users\Marcus\AppData\Roaming\MiKTeX\2.9\tex\latex\ocgx2\ocgbase.sty
Package: ocgbase 2018/04/06 v0.13 support package for ocgx2.sty
\g_ocgbase_nd_int=\count311
)
\@anim@box=\box68
\@anim@measbox=\box69
\@anim@tmpdima=\dimen283
\@anim@tmpdimb=\dimen284
\@anim@num=\count312
\@anim@curframe=\count313
\@anim@curframe@zb=\count314
\@anim@resizeflags=\count315
\@anim@skipfram=\count316
\@anim@mulframecnt=\count317
\@anim@@tmlnfile=\read2
\@anim@tmpcnt=\count318
\c@@anim@ltxcnt=\count319
\@anim@curlayer=\count320
\@anim@lineno=\count321
\@anim@curfield=\count322
\@anim@@resizeflags=\count323
)
(C:\Users\Marcus\AppData\Roaming\MiKTeX\2.9\tex\latex\breqn\breqn.sty
Package: breqn 2017/01/27 v0.98e Breaking equations

(C:\Users\Marcus\AppData\Roaming\MiKTeX\2.9\tex\latex\breqn\flexisym.sty
Package: flexisym 2017/01/27 v0.98e Make math characters macros
LaTeX Info: Redefining \textprime on input line 300.
LaTeX Info: Redefining \not on input line 358.

(C:\Users\Marcus\AppData\Roaming\MiKTeX\2.9\tex\latex\breqn\cmbase.sym
File: cmbase.sym 2007/12/19 v0.92
LaTeX Info: Redefining \hbar on input line 325.
LaTeX Info: Redefining \surd on input line 327.
LaTeX Info: Redefining \angle on input line 335.
LaTeX Info: Redefining \neq on input line 336.
LaTeX Info: Redefining \mapsto on input line 337.
LaTeX Info: Redefining \cong on input line 338.
LaTeX Info: Redefining \notin on input line 341.
LaTeX Info: Redefining \rightleftharpoons on input line 342.
LaTeX Info: Redefining \doteq on input line 343.
LaTeX Info: Redefining \hookrightarrow on input line 344.
LaTeX Info: Redefining \hookleftarrow on input line 345.
LaTeX Info: Redefining \bowtie on input line 346.
LaTeX Info: Redefining \models on input line 347.
LaTeX Info: Redefining \Longrightarrow on input line 348.
LaTeX Info: Redefining \longrightarrow on input line 349.
LaTeX Info: Redefining \Longleftarrow on input line 350.
LaTeX Info: Redefining \longleftarrow on input line 351.
LaTeX Info: Redefining \longmapsto on input line 352.
LaTeX Info: Redefining \longleftrightarrow on input line 353.
LaTeX Info: Redefining \Longleftrightarrow on input line 354.
LaTeX Info: Redefining \cdots on input line 358.
LaTeX Info: Redefining \vdots on input line 361.
LaTeX Info: Redefining \ddots on input line 366.
)
(C:\Users\Marcus\AppData\Roaming\MiKTeX\2.9\tex\latex\breqn\mathstyle.sty
Package: mathstyle 2017/01/27 0.98e Tracking mathstyle implicitly
LaTeX Info: Redefining \displaystyle on input line 93.
LaTeX Info: Redefining \textstyle on input line 95.
LaTeX Info: Redefining \scriptstyle on input line 97.
LaTeX Info: Redefining \scriptscriptstyle on input line 99.
LaTeX Info: Redefining \genfrac on input line 145.
))
\inf@bad=\count324
\maxint=\count325
\listwidth=\dimen285
\eqnumsep=\dimen286
\eqmargin=\dimen287
\eqlinespacing=\skip67
\eqlineskip=\skip68
\eqlineskiplimit=\dimen288
\eqbinoffset=\muskip18
\eqdelimoffset=\muskip19
\eqindentstep=\dimen289
\eqstyle=\toks45
\eqbreakdepth=\count326
\eqinterlinepenalty=\count327
\intereqpenalty=\count328
\intereqskip=\skip69
\prerelpenalty=\count329
\prebinoppenalty=\count330
\Dmedmuskip=\muskip20
\Dthickmuskip=\muskip21
\eqleftskip=\skip70
\eqrightskip=\skip71
\eq@vspan=\skip72
\eq@binoffset=\muskip22
\EQ@box=\box70
\EQ@copy=\box71
\EQ@numbox=\box72
\eq@wdNum=\dimen290
\GRP@numbox=\box73
\grp@wdNum=\dimen291
\eq@lines=\count331
\eq@curline=\count332
\eq@badness=\count333
\EQ@vims=\count334
\eq@dp=\dimen292
\eq@wdL=\dimen293
\eq@wdT=\dimen294
\eq@wdMin=\dimen295
\grp@wdL=\dimen296
\grp@wdR=\dimen297
\grp@wdT=\dimen298
\eq@wdRmax=\dimen299
\eq@firstht=\dimen300
\eq@wdCond=\dimen301
\eq@indentstep=\dimen302
\eq@linewidth=\dimen303
\grp@linewidth=\dimen304
\eq@hshift=\dimen305
\eq@given@sidespace=\dimen306
\mathindent=\dimen307
\eq@final@linecount=\count335
\eq@wdR=\dimen308
\EQ@continue=\toks46
\lr@level=\count336
\GRP@queue=\toks47
\GRP@box=\box74
\GRP@wholebox=\box75
\darraycolsep=\skip73
\cur@row=\count337
\cur@col=\count338
\conditionsep=\skip74
)
(C:\Users\Marcus\AppData\Roaming\MiKTeX\2.9\tex\latex\booktabs\booktabs.sty
Package: booktabs 2005/04/14 v1.61803 publication quality tables
\heavyrulewidth=\dimen309
\lightrulewidth=\dimen310
\cmidrulewidth=\dimen311
\belowrulesep=\dimen312
\belowbottomsep=\dimen313
\aboverulesep=\dimen314
\abovetopsep=\dimen315
\cmidrulesep=\dimen316
\cmidrulekern=\dimen317
\defaultaddspace=\dimen318
\@cmidla=\count339
\@cmidlb=\count340
\@aboverulesep=\dimen319
\@belowrulesep=\dimen320
\@thisruleclass=\count341
\@lastruleclass=\count342
\@thisrulewidth=\dimen321
)
(C:\Users\Marcus\AppData\Roaming\MiKTeX\2.9\tex\latex\pgf\frontendlayer\tikz.st
y (C:\Users\Marcus\AppData\Roaming\MiKTeX\2.9\tex\latex\pgf\basiclayer\pgf.sty
Package: pgf 2015/08/07 v3.0.1a (rcs-revision 1.15)

(C:\Users\Marcus\AppData\Roaming\MiKTeX\2.9\tex\generic\pgf\modules\pgfmodulesh
apes.code.tex
File: pgfmoduleshapes.code.tex 2014/03/21  (rcs-revision 1.35)
\pgfnodeparttextbox=\box76
)
(C:\Users\Marcus\AppData\Roaming\MiKTeX\2.9\tex\generic\pgf\modules\pgfmodulepl
ot.code.tex
File: pgfmoduleplot.code.tex 2015/08/03  (rcs-revision 1.13)
)
(C:\Users\Marcus\AppData\Roaming\MiKTeX\2.9\tex\latex\pgf\compatibility\pgfcomp
-version-0-65.sty
Package: pgfcomp-version-0-65 2007/07/03 v3.0.1a (rcs-revision 1.7)
\pgf@nodesepstart=\dimen322
\pgf@nodesepend=\dimen323
)
(C:\Users\Marcus\AppData\Roaming\MiKTeX\2.9\tex\latex\pgf\compatibility\pgfcomp
-version-1-18.sty
Package: pgfcomp-version-1-18 2007/07/23 v3.0.1a (rcs-revision 1.1)
))
(C:\Users\Marcus\AppData\Roaming\MiKTeX\2.9\tex\latex\pgf\utilities\pgffor.sty
(C:\Users\Marcus\AppData\Roaming\MiKTeX\2.9\tex\latex\pgf\utilities\pgfkeys.sty

(C:\Users\Marcus\AppData\Roaming\MiKTeX\2.9\tex\generic\pgf\utilities\pgfkeys.c
ode.tex))
(C:\Users\Marcus\AppData\Roaming\MiKTeX\2.9\tex\latex\pgf\math\pgfmath.sty
(C:\Users\Marcus\AppData\Roaming\MiKTeX\2.9\tex\generic\pgf\math\pgfmath.code.t
ex))
(C:\Users\Marcus\AppData\Roaming\MiKTeX\2.9\tex\generic\pgf\utilities\pgffor.co
de.tex
Package: pgffor 2013/12/13 v3.0.1a (rcs-revision 1.25)

(C:\Users\Marcus\AppData\Roaming\MiKTeX\2.9\tex\generic\pgf\math\pgfmath.code.t
ex)
\pgffor@iter=\dimen324
\pgffor@skip=\dimen325
\pgffor@stack=\toks48
\pgffor@toks=\toks49
))
(C:\Users\Marcus\AppData\Roaming\MiKTeX\2.9\tex\generic\pgf\frontendlayer\tikz\
tikz.code.tex
Package: tikz 2015/08/07 v3.0.1a (rcs-revision 1.151)

(C:\Users\Marcus\AppData\Roaming\MiKTeX\2.9\tex\generic\pgf\libraries\pgflibrar
yplothandlers.code.tex
File: pgflibraryplothandlers.code.tex 2013/08/31 v3.0.1a (rcs-revision 1.20)
\pgf@plot@mark@count=\count343
\pgfplotmarksize=\dimen326
)
\tikz@lastx=\dimen327
\tikz@lasty=\dimen328
\tikz@lastxsaved=\dimen329
\tikz@lastysaved=\dimen330
\tikzleveldistance=\dimen331
\tikzsiblingdistance=\dimen332
\tikz@figbox=\box77
\tikz@figbox@bg=\box78
\tikz@tempbox=\box79
\tikz@tempbox@bg=\box80
\tikztreelevel=\count344
\tikznumberofchildren=\count345
\tikznumberofcurrentchild=\count346
\tikz@fig@count=\count347

(C:\Users\Marcus\AppData\Roaming\MiKTeX\2.9\tex\generic\pgf\modules\pgfmodulema
trix.code.tex
File: pgfmodulematrix.code.tex 2013/09/17  (rcs-revision 1.8)
\pgfmatrixcurrentrow=\count348
\pgfmatrixcurrentcolumn=\count349
\pgf@matrix@numberofcolumns=\count350
)
\tikz@expandcount=\count351

(C:\Users\Marcus\AppData\Roaming\MiKTeX\2.9\tex\generic\pgf\frontendlayer\tikz\
libraries\tikzlibrarytopaths.code.tex
File: tikzlibrarytopaths.code.tex 2008/06/17 v3.0.1a (rcs-revision 1.2)
)))
(C:\Users\Marcus\AppData\Roaming\MiKTeX\2.9\tex\generic\pgf\frontendlayer\tikz\
libraries\tikzlibrarydecorations.pathreplacing.code.tex
(C:\Users\Marcus\AppData\Roaming\MiKTeX\2.9\tex\generic\pgf\frontendlayer\tikz\
libraries\tikzlibrarydecorations.code.tex
(C:\Users\Marcus\AppData\Roaming\MiKTeX\2.9\tex\generic\pgf\modules\pgfmodulede
corations.code.tex
\pgfdecoratedcompleteddistance=\dimen333
\pgfdecoratedremainingdistance=\dimen334
\pgfdecoratedinputsegmentcompleteddistance=\dimen335
\pgfdecoratedinputsegmentremainingdistance=\dimen336
\pgf@decorate@distancetomove=\dimen337
\pgf@decorate@repeatstate=\count352
\pgfdecorationsegmentamplitude=\dimen338
\pgfdecorationsegmentlength=\dimen339
)
\tikz@lib@dec@box=\box81
)
(C:\Users\Marcus\AppData\Roaming\MiKTeX\2.9\tex\generic\pgf\libraries\decoratio
ns\pgflibrarydecorations.pathreplacing.code.tex))
(C:\Users\Marcus\AppData\Roaming\MiKTeX\2.9\tex\generic\pgf\frontendlayer\tikz\
libraries\tikzlibraryshapes.code.tex
File: tikzlibraryshapes.code.tex 2008/01/09 v3.0.1a (rcs-revision 1.1)

(C:\Users\Marcus\AppData\Roaming\MiKTeX\2.9\tex\generic\pgf\frontendlayer\tikz\
libraries\tikzlibraryshapes.geometric.code.tex
File: tikzlibraryshapes.geometric.code.tex 2008/01/09 v3.0.1a (rcs-revision 1.1
)

(C:\Users\Marcus\AppData\Roaming\MiKTeX\2.9\tex\generic\pgf\libraries\shapes\pg
flibraryshapes.geometric.code.tex
File: pgflibraryshapes.geometric.code.tex 2008/06/26 v3.0.1a (rcs-revision 1.1)

))
(C:\Users\Marcus\AppData\Roaming\MiKTeX\2.9\tex\generic\pgf\frontendlayer\tikz\
libraries\tikzlibraryshapes.misc.code.tex
File: tikzlibraryshapes.misc.code.tex 2008/01/09 v3.0.1a (rcs-revision 1.1)

(C:\Users\Marcus\AppData\Roaming\MiKTeX\2.9\tex\generic\pgf\libraries\shapes\pg
flibraryshapes.misc.code.tex
File: pgflibraryshapes.misc.code.tex 2013/07/18 v3.0.1a (rcs-revision 1.5)
))
(C:\Users\Marcus\AppData\Roaming\MiKTeX\2.9\tex\generic\pgf\frontendlayer\tikz\
libraries\tikzlibraryshapes.symbols.code.tex
File: tikzlibraryshapes.symbols.code.tex 2008/01/09 v3.0.1a (rcs-revision 1.1)

(C:\Users\Marcus\AppData\Roaming\MiKTeX\2.9\tex\generic\pgf\libraries\shapes\pg
flibraryshapes.symbols.code.tex
File: pgflibraryshapes.symbols.code.tex 2013/09/11 v3.0.1a (rcs-revision 1.6)
))
(C:\Users\Marcus\AppData\Roaming\MiKTeX\2.9\tex\generic\pgf\frontendlayer\tikz\
libraries\tikzlibraryshapes.arrows.code.tex
File: tikzlibraryshapes.arrows.code.tex 2008/01/09 v3.0.1a (rcs-revision 1.1)

(C:\Users\Marcus\AppData\Roaming\MiKTeX\2.9\tex\generic\pgf\libraries\shapes\pg
flibraryshapes.arrows.code.tex
File: pgflibraryshapes.arrows.code.tex 2008/06/26 v3.0.1a (rcs-revision 1.1)
))
(C:\Users\Marcus\AppData\Roaming\MiKTeX\2.9\tex\generic\pgf\frontendlayer\tikz\
libraries\tikzlibraryshapes.callouts.code.tex
(C:\Users\Marcus\AppData\Roaming\MiKTeX\2.9\tex\generic\pgf\libraries\shapes\pg
flibraryshapes.callouts.code.tex))
(C:\Users\Marcus\AppData\Roaming\MiKTeX\2.9\tex\generic\pgf\frontendlayer\tikz\
libraries\tikzlibraryshapes.multipart.code.tex
File: tikzlibraryshapes.multipart.code.tex 2008/01/09 v3.0.1a (rcs-revision 1.1
)

(C:\Users\Marcus\AppData\Roaming\MiKTeX\2.9\tex\generic\pgf\libraries\shapes\pg
flibraryshapes.multipart.code.tex
File: pgflibraryshapes.multipart.code.tex 2010/01/07 v3.0.1a (rcs-revision 1.2)

\pgfnodepartlowerbox=\box82
\pgfnodeparttwobox=\box83
\pgfnodepartthreebox=\box84
\pgfnodepartfourbox=\box85
\pgfnodeparttwentybox=\box86
\pgfnodepartnineteenbox=\box87
\pgfnodeparteighteenbox=\box88
\pgfnodepartseventeenbox=\box89
\pgfnodepartsixteenbox=\box90
\pgfnodepartfifteenbox=\box91
\pgfnodepartfourteenbox=\box92
\pgfnodepartthirteenbox=\box93
\pgfnodeparttwelvebox=\box94
\pgfnodepartelevenbox=\box95
\pgfnodeparttenbox=\box96
\pgfnodepartninebox=\box97
\pgfnodeparteightbox=\box98
\pgfnodepartsevenbox=\box99
\pgfnodepartsixbox=\box100
\pgfnodepartfivebox=\box101
)))
(C:\Users\Marcus\AppData\Roaming\MiKTeX\2.9\tex\generic\pgf\frontendlayer\tikz\
libraries\tikzlibraryarrows.code.tex
File: tikzlibraryarrows.code.tex 2008/01/09 v3.0.1a (rcs-revision 1.1)

(C:\Users\Marcus\AppData\Roaming\MiKTeX\2.9\tex\generic\pgf\libraries\pgflibrar
yarrows.code.tex
File: pgflibraryarrows.code.tex 2013/09/23 v3.0.1a (rcs-revision 1.16)
\arrowsize=\dimen340
))
(C:\Users\Marcus\AppData\Roaming\MiKTeX\2.9\tex\generic\pgf\frontendlayer\tikz\
libraries\tikzlibrarypositioning.code.tex
File: tikzlibrarypositioning.code.tex 2008/10/06 v3.0.1a (rcs-revision 1.7)
)
(C:\Users\Marcus\AppData\Roaming\MiKTeX\2.9\tex\generic\pgf\frontendlayer\tikz\
libraries\tikzlibraryshadows.code.tex
File: tikzlibraryshadows.code.tex 2008/01/13 v3.0.1a (rcs-revision 1.3)

(C:\Users\Marcus\AppData\Roaming\MiKTeX\2.9\tex\generic\pgf\frontendlayer\tikz\
libraries\tikzlibraryfadings.code.tex
File: tikzlibraryfadings.code.tex 2009/11/15 v3.0.1a (rcs-revision 1.2)

(C:\Users\Marcus\AppData\Roaming\MiKTeX\2.9\tex\generic\pgf\libraries\pgflibrar
yfadings.code.tex
File: pgflibraryfadings.code.tex 2008/02/07 v3.0.1a (rcs-revision 1.3)
)))
(C:\Users\Marcus\AppData\Roaming\MiKTeX\2.9\tex\latex\caption\caption.sty
Package: caption 2016/02/21 v3.3-144 Customizing captions (AR)

(C:\Users\Marcus\AppData\Roaming\MiKTeX\2.9\tex\latex\caption\caption3.sty
Package: caption3 2016/05/22 v1.7-166 caption3 kernel (AR)
Package caption3 Info: TeX engine: e-TeX on input line 67.
\captionmargin=\dimen341
\captionmargin@=\dimen342
\captionwidth=\dimen343
\caption@tempdima=\dimen344
\caption@indent=\dimen345
\caption@parindent=\dimen346
\caption@hangindent=\dimen347
)
\c@ContinuedFloat=\count353
Package caption Info: beamer document class.
Package caption Info: hyperref package is loaded.
Package caption Info: Hyperref support is turned off
(caption)             because hyperref has stopped early.
)
(C:\Users\Marcus\AppData\Roaming\MiKTeX\2.9\tex\latex\upquote\upquote.sty
Package: upquote 2012/04/19 v1.3 upright-quote and grave-accent glyphs in verba
tim
)
(AWRA_2018.aux)
\openout1 = `AWRA_2018.aux'.

LaTeX Font Info:    Checking defaults for OML/cmm/m/it on input line 97.
LaTeX Font Info:    ... okay on input line 97.
LaTeX Font Info:    Checking defaults for T1/cmr/m/n on input line 97.
LaTeX Font Info:    ... okay on input line 97.
LaTeX Font Info:    Checking defaults for OT1/cmr/m/n on input line 97.
LaTeX Font Info:    ... okay on input line 97.
LaTeX Font Info:    Checking defaults for OMS/cmsy/m/n on input line 97.
LaTeX Font Info:    ... okay on input line 97.
LaTeX Font Info:    Checking defaults for OMX/cmex/m/n on input line 97.
LaTeX Font Info:    ... okay on input line 97.
LaTeX Font Info:    Checking defaults for U/cmr/m/n on input line 97.
LaTeX Font Info:    ... okay on input line 97.
LaTeX Font Info:    Checking defaults for PD1/pdf/m/n on input line 97.
LaTeX Font Info:    ... okay on input line 97.

*geometry* driver: auto-detecting
*geometry* detected driver: pdftex
*geometry* verbose mode - [ preamble ] result:
* driver: pdftex
* paper: custom
* layout: <same size as paper>
* layoutoffset:(h,v)=(0.0pt,0.0pt)
* modes: includehead includefoot 
* h-part:(L,W,R)=(10.95003pt, 342.2953pt, 10.95003pt)
* v-part:(T,H,B)=(0.0pt, 273.14662pt, 0.0pt)
* \paperwidth=364.19536pt
* \paperheight=273.14662pt
* \textwidth=342.2953pt
* \textheight=244.6939pt
* \oddsidemargin=-61.31996pt
* \evensidemargin=-61.31996pt
* \topmargin=-72.26999pt
* \headheight=14.22636pt
* \headsep=0.0pt
* \topskip=11.0pt
* \footskip=14.22636pt
* \marginparwidth=4.0pt
* \marginparsep=10.0pt
* \columnsep=10.0pt
* \skip\footins=10.0pt plus 4.0pt minus 2.0pt
* \hoffset=0.0pt
* \voffset=0.0pt
* \mag=1000
* \@twocolumnfalse
* \@twosidefalse
* \@mparswitchfalse
* \@reversemarginfalse
* (1in=72.27pt=25.4mm, 1cm=28.453pt)

(C:\Users\Marcus\AppData\Roaming\MiKTeX\2.9\tex\context\base\supp-pdf.mkii
[Loading MPS to PDF converter (version 2006.09.02).]
\scratchcounter=\count354
\scratchdimen=\dimen348
\scratchbox=\box102
\nofMPsegments=\count355
\nofMParguments=\count356
\everyMPshowfont=\toks50
\MPscratchCnt=\count357
\MPscratchDim=\dimen349
\MPnumerator=\count358
\makeMPintoPDFobject=\count359
\everyMPtoPDFconversion=\toks51
) ("C:\Program Files\MiKTeX 2.9\tex\latex\oberdiek\epstopdf-base.sty"
Package: epstopdf-base 2016/05/15 v2.6 Base part for package epstopdf

("C:\Program Files\MiKTeX 2.9\tex\latex\oberdiek\grfext.sty"
Package: grfext 2016/05/16 v1.2 Manage graphics extensions (HO)
)
Package epstopdf-base Info: Redefining graphics rule for `.eps' on input line 4
38.
Package grfext Info: Graphics extension search list:
(grfext)             [.png,.pdf,.jpg,.mps,.jpeg,.jbig2,.jb2,.PNG,.PDF,.JPG,.JPE
G,.JBIG2,.JB2,.eps]
(grfext)             \AppendGraphicsExtensions on input line 456.
)
ABD: EveryShipout initializing macros
\AtBeginShipoutBox=\box103
Package hyperref Info: Link coloring OFF on input line 97.

("C:\Program Files\MiKTeX 2.9\tex\latex\hyperref\nameref.sty"
Package: nameref 2016/05/21 v2.44 Cross-referencing by name of section

("C:\Program Files\MiKTeX 2.9\tex\generic\oberdiek\gettitlestring.sty"
Package: gettitlestring 2016/05/16 v1.5 Cleanup title references (HO)
)
\c@section@level=\count360
)
LaTeX Info: Redefining \ref on input line 97.
LaTeX Info: Redefining \pageref on input line 97.
LaTeX Info: Redefining \nameref on input line 97.

(AWRA_2018.out) (AWRA_2018.out)
\@outlinefile=\write5
\openout5 = `AWRA_2018.out'.


(C:\Users\Marcus\AppData\Roaming\MiKTeX\2.9\tex\latex\translator\translator-bas
ic-dictionary-English.dict
Dictionary: translator-basic-dictionary, Language: English 
)
(C:\Users\Marcus\AppData\Roaming\MiKTeX\2.9\tex\latex\translator\translator-bib
liography-dictionary-English.dict
Dictionary: translator-bibliography-dictionary, Language: English 
)
(C:\Users\Marcus\AppData\Roaming\MiKTeX\2.9\tex\latex\translator\translator-env
ironment-dictionary-English.dict
Dictionary: translator-environment-dictionary, Language: English 
)
(C:\Users\Marcus\AppData\Roaming\MiKTeX\2.9\tex\latex\translator\translator-mon
ths-dictionary-English.dict
Dictionary: translator-months-dictionary, Language: English 
)
(C:\Users\Marcus\AppData\Roaming\MiKTeX\2.9\tex\latex\translator\translator-num
bers-dictionary-English.dict
Dictionary: translator-numbers-dictionary, Language: English 
)
(C:\Users\Marcus\AppData\Roaming\MiKTeX\2.9\tex\latex\translator\translator-the
orem-dictionary-English.dict
Dictionary: translator-theorem-dictionary, Language: English 
)
Package caption Info: Begin \AtBeginDocument code.
Package caption Info: End \AtBeginDocument code.
 (AWRA_2018.nav)

Package hyperref Warning: Option `pdfauthor' has already been used,
(hyperref)                setting the option has no effect on input line 100.

LaTeX Font Info:    Try loading font information for U+msa on input line 120.
("C:\Program Files\MiKTeX 2.9\tex\latex\amsfonts\umsa.fd"
File: umsa.fd 2013/01/14 v3.01 AMS symbols A
)
LaTeX Font Info:    Try loading font information for U+msb on input line 120.

("C:\Program Files\MiKTeX 2.9\tex\latex\amsfonts\umsb.fd"
File: umsb.fd 2013/01/14 v3.01 AMS symbols B
)
<fig/scienceflow.png, id=46, 640.794pt x 387.849pt>
File: fig/scienceflow.png Graphic file (type png)
 <use fig/scienceflow.png>
Package pdftex.def Info: fig/scienceflow.png used on input line 120.
(pdftex.def)             Requested size: 102.68962pt x 62.1518pt.

<fig/titlefig.pdf, id=47, 505.89pt x 325.215pt>
File: fig/titlefig.pdf Graphic file (type pdf)
 <use fig/titlefig.pdf>
Package pdftex.def Info: fig/titlefig.pdf used on input line 120.
(pdftex.def)             Requested size: 102.68962pt x 66.01447pt.


Class beamer Warning: Frame text is shrunk by a factor of 0.4776 percent instea
d of 0 percent on input line 120.

<fig/back_tmp.pdf, id=48, 505.89pt x 505.89pt>
File: fig/back_tmp.pdf Graphic file (type pdf)
 <use fig/back_tmp.pdf>
Package pdftex.def Info: fig/back_tmp.pdf used on input line 120.
(pdftex.def)             Requested size: 364.20192pt x 273.15337pt.
 [1

{C:/ProgramData/MiKTeX/2.9/pdftex/config/pdftex.map} <./fig/back_tmp.pdf> <./fi
g/scienceflow.png> <./fig/titlefig.pdf>]
File: fig/scienceflow.png Graphic file (type png)
 <use fig/scienceflow.png>
Package pdftex.def Info: fig/scienceflow.png used on input line 130.
(pdftex.def)             Requested size: 290.9531pt x 176.10464pt.

<fig/nceas_small.png, id=69, 301.125pt x 280.04625pt>
File: fig/nceas_small.png Graphic file (type png)

<use fig/nceas_small.png>
Package pdftex.def Info: fig/nceas_small.png used on input line 130.
(pdftex.def)             Requested size: 25.49634pt x 23.70746pt.
File: fig/back_tmp.pdf Graphic file (type pdf)
 <use fig/back_tmp.pdf>
Package pdftex.def Info: fig/back_tmp.pdf used on input line 130.
(pdftex.def)             Requested size: 364.20192pt x 273.15337pt.
 [2

 <./fig/nceas_small.png>]
<fig/nceas_full.png, id=78, 643.40375pt x 129.48375pt>
File: fig/nceas_full.png Graphic file (type png)

<use fig/nceas_full.png>
Package pdftex.def Info: fig/nceas_full.png used on input line 154.
(pdftex.def)             Requested size: 171.14764pt x 34.44342pt.
 <fig/gom.jpg, id=79, 2810.5pt x 2007.5pt>
File: fig/gom.jpg Graphic file (type jpg)

<use fig/gom.jpg>
Package pdftex.def Info: fig/gom.jpg used on input line 154.
(pdftex.def)             Requested size: 145.47653pt x 103.90355pt.
 <fig/ossgrp.jpg, id=80, 308.352pt x 411.136pt>
File: fig/ossgrp.jpg Graphic file (type jpg)

<use fig/ossgrp.jpg>
Package pdftex.def Info: fig/ossgrp.jpg used on input line 154.
(pdftex.def)             Requested size: 111.24492pt x 148.32878pt.
File: fig/nceas_small.png Graphic file (type png)
 <use fig/nceas_small.png>
Package pdftex.def Info: fig/nceas_small.png used on input line 154.
(pdftex.def)             Requested size: 25.49634pt x 23.70746pt.
File: fig/back_tmp.pdf Graphic file (type pdf)
 <use fig/back_tmp.pdf>
Package pdftex.def Info: fig/back_tmp.pdf used on input line 154.
(pdftex.def)             Requested size: 364.20192pt x 273.15337pt.
 [3

 <./fig/nceas_full.png> <./fig/gom.jpg> <./fig/ossgrp.jpg>]
File: fig/nceas_small.png Graphic file (type png)
 <use fig/nceas_small.png>
Package pdftex.def Info: fig/nceas_small.png used on input line 166.
(pdftex.def)             Requested size: 25.49634pt x 23.70746pt.
File: fig/back_tmp.pdf Graphic file (type pdf)

<use fig/back_tmp.pdf>
Package pdftex.def Info: fig/back_tmp.pdf used on input line 166.
(pdftex.def)             Requested size: 364.20192pt x 273.15337pt.
 [4

]
File: fig/nceas_small.png Graphic file (type png)
 <use fig/nceas_small.png>
Package pdftex.def Info: fig/nceas_small.png used on input line 166.
(pdftex.def)             Requested size: 25.49634pt x 23.70746pt.
File: fig/back_tmp.pdf Graphic file (type pdf)
 <use fig/back_tmp.pdf>
Package pdftex.def Info: fig/back_tmp.pdf used on input line 166.
(pdftex.def)             Requested size: 364.20192pt x 273.15337pt.

[5

]
File: fig/nceas_small.png Graphic file (type png)
 <use fig/nceas_small.png>
Package pdftex.def Info: fig/nceas_small.png used on input line 166.
(pdftex.def)             Requested size: 25.49634pt x 23.70746pt.
File: fig/back_tmp.pdf Graphic file (type pdf)
 <use fig/back_tmp.pdf>
Package pdftex.def Info: fig/back_tmp.pdf used on input line 166.
(pdftex.def)             Requested size: 364.20192pt x 273.15337pt.
 [6

]
File: fig/nceas_small.png Graphic file (type png)

<use fig/nceas_small.png>
Package pdftex.def Info: fig/nceas_small.png used on input line 166.
(pdftex.def)             Requested size: 25.49634pt x 23.70746pt.
File: fig/back_tmp.pdf Graphic file (type pdf)
 <use fig/back_tmp.pdf>
Package pdftex.def Info: fig/back_tmp.pdf used on input line 166.
(pdftex.def)             Requested size: 364.20192pt x 273.15337pt.
 [7

]
<fig/TB_Algae.png, id=116, 477.28313pt x 357.58594pt>
File: fig/TB_Algae.png Graphic file (type png)
 <use fig/TB_Algae.png>
Package pdftex.def Info: fig/TB_Algae.png used on input line 194.
(pdftex.def)             Requested size: 119.80283pt x 89.75638pt.

<fig/post_rest_sh.jpg, id=117, 477.28313pt x 357.58594pt>
File: fig/post_rest_sh.jpg Graphic file (type jpg)

<use fig/post_rest_sh.jpg>
Package pdftex.def Info: fig/post_rest_sh.jpg used on input line 194.
(pdftex.def)             Requested size: 119.80283pt x 89.75638pt.
File: fig/nceas_small.png Graphic file (type png)
 <use fig/nceas_small.png>
Package pdftex.def Info: fig/nceas_small.png used on input line 194.
(pdftex.def)             Requested size: 25.49634pt x 23.70746pt.
File: fig/back_tmp.pdf Graphic file (type pdf)
 <use fig/back_tmp.pdf>
Package pdftex.def Info: fig/back_tmp.pdf used on input line 194.
(pdftex.def)             Requested size: 364.20192pt x 273.15337pt.

[8

 <./fig/TB_Algae.png> <./fig/post_rest_sh.jpg>]
File: fig/TB_Algae.png Graphic file (type png)
 <use fig/TB_Algae.png>
Package pdftex.def Info: fig/TB_Algae.png used on input line 194.
(pdftex.def)             Requested size: 119.80283pt x 89.75638pt.
File: fig/post_rest_sh.jpg Graphic file (type jpg)

<use fig/post_rest_sh.jpg>
Package pdftex.def Info: fig/post_rest_sh.jpg used on input line 194.
(pdftex.def)             Requested size: 119.80283pt x 89.75638pt.
File: fig/nceas_small.png Graphic file (type png)
 <use fig/nceas_small.png>
Package pdftex.def Info: fig/nceas_small.png used on input line 194.
(pdftex.def)             Requested size: 25.49634pt x 23.70746pt.
File: fig/back_tmp.pdf Graphic file (type pdf)
 <use fig/back_tmp.pdf>
Package pdftex.def Info: fig/back_tmp.pdf used on input line 194.
(pdftex.def)             Requested size: 364.20192pt x 273.15337pt.

[9

]

pdfTeX warning: pdflatex.exe (file ./fig/tbrest_map_abel1_1.pdf): PDF inclusion
: found PDF version <1.6>, but at most version <1.5> allowed
<fig/tbrest_map_abel1_1.pdf, id=146, 614.295pt x 614.295pt>
File: fig/tbrest_map_abel1_1.pdf Graphic file (type pdf)

<use fig/tbrest_map_abel1_1.pdf>
Package pdftex.def Info: fig/tbrest_map_abel1_1.pdf used on input line 216.
(pdftex.def)             Requested size: 162.58974pt x 162.59055pt.
File: fig/nceas_small.png Graphic file (type png)
 <use fig/nceas_small.png>
Package pdftex.def Info: fig/nceas_small.png used on input line 216.
(pdftex.def)             Requested size: 25.49634pt x 23.70746pt.
File: fig/back_tmp.pdf Graphic file (type pdf)

<use fig/back_tmp.pdf>
Package pdftex.def Info: fig/back_tmp.pdf used on input line 216.
(pdftex.def)             Requested size: 364.20192pt x 273.15337pt.
 [10

 <./fig/tbrest_map_abel1_1.pdf>]
File: fig/tbrest_map_abel1_1.pdf Graphic file (type pdf)

<use fig/tbrest_map_abel1_1.pdf>
Package pdftex.def Info: fig/tbrest_map_abel1_1.pdf used on input line 216.
(pdftex.def)             Requested size: 162.58974pt x 162.59055pt.
File: fig/nceas_small.png Graphic file (type png)
 <use fig/nceas_small.png>
Package pdftex.def Info: fig/nceas_small.png used on input line 216.
(pdftex.def)             Requested size: 25.49634pt x 23.70746pt.
File: fig/back_tmp.pdf Graphic file (type pdf)

<use fig/back_tmp.pdf>
Package pdftex.def Info: fig/back_tmp.pdf used on input line 216.
(pdftex.def)             Requested size: 364.20192pt x 273.15337pt.
 [11

]
File: fig/tbrest_map_abel1_1.pdf Graphic file (type pdf)
 <use fig/tbrest_map_abel1_1.pdf>
Package pdftex.def Info: fig/tbrest_map_abel1_1.pdf used on input line 216.
(pdftex.def)             Requested size: 162.58974pt x 162.59055pt.
File: fig/nceas_small.png Graphic file (type png)

<use fig/nceas_small.png>
Package pdftex.def Info: fig/nceas_small.png used on input line 216.
(pdftex.def)             Requested size: 25.49634pt x 23.70746pt.
File: fig/back_tmp.pdf Graphic file (type pdf)
 <use fig/back_tmp.pdf>
Package pdftex.def Info: fig/back_tmp.pdf used on input line 216.
(pdftex.def)             Requested size: 364.20192pt x 273.15337pt.
 [12

]
<fig/tidyverse.png, id=232, 495.7722pt x 357.9774pt>
File: fig/tidyverse.png Graphic file (type png)
 <use fig/tidyverse.png>
Package pdftex.def Info: fig/tidyverse.png used on input line 223.
(pdftex.def)             Requested size: 222.48985pt x 160.65135pt.
File: fig/nceas_small.png Graphic file (type png)

<use fig/nceas_small.png>
Package pdftex.def Info: fig/nceas_small.png used on input line 223.
(pdftex.def)             Requested size: 25.49634pt x 23.70746pt.
File: fig/back_tmp.pdf Graphic file (type pdf)
 <use fig/back_tmp.pdf>
Package pdftex.def Info: fig/back_tmp.pdf used on input line 223.
(pdftex.def)             Requested size: 364.20192pt x 273.15337pt.
 [13

 <./fig/tidyverse.png>]
<fig/clomap1.pdf, id=241, 289.08pt x 361.35pt>
File: fig/clomap1.pdf Graphic file (type pdf)
 <use fig/clomap1.pdf>
Package pdftex.def Info: fig/clomap1.pdf used on input line 252.
(pdftex.def)             Requested size: 171.14764pt x 213.93349pt.
File: fig/nceas_small.png Graphic file (type png)

<use fig/nceas_small.png>
Package pdftex.def Info: fig/nceas_small.png used on input line 252.
(pdftex.def)             Requested size: 25.49634pt x 23.70746pt.

Overfull \vbox (40.0457pt too high) detected at line 252
 []

File: fig/back_tmp.pdf Graphic file (type pdf)
<use fig/back_tmp.pdf>
Package pdftex.def Info: fig/back_tmp.pdf used on input line 252.
(pdftex.def)             Requested size: 364.20192pt x 273.15337pt.
 [14

 <./fig/clomap1.pdf>]
<fig/clomap2.pdf, id=258, 289.08pt x 361.35pt>
File: fig/clomap2.pdf Graphic file (type pdf)
 <use fig/clomap2.pdf>
Package pdftex.def Info: fig/clomap2.pdf used on input line 252.
(pdftex.def)             Requested size: 171.14764pt x 213.93349pt.
File: fig/nceas_small.png Graphic file (type png)

<use fig/nceas_small.png>
Package pdftex.def Info: fig/nceas_small.png used on input line 252.
(pdftex.def)             Requested size: 25.49634pt x 23.70746pt.

Overfull \vbox (40.0457pt too high) detected at line 252
 []

File: fig/back_tmp.pdf Graphic file (type pdf)
<use fig/back_tmp.pdf>
Package pdftex.def Info: fig/back_tmp.pdf used on input line 252.
(pdftex.def)             Requested size: 364.20192pt x 273.15337pt.
 [15

 <./fig/clomap2.pdf>]
<fig/clomap3.pdf, id=275, 289.08pt x 361.35pt>
File: fig/clomap3.pdf Graphic file (type pdf)
 <use fig/clomap3.pdf>
Package pdftex.def Info: fig/clomap3.pdf used on input line 252.
(pdftex.def)             Requested size: 171.14764pt x 213.93349pt.
File: fig/nceas_small.png Graphic file (type png)

<use fig/nceas_small.png>
Package pdftex.def Info: fig/nceas_small.png used on input line 252.
(pdftex.def)             Requested size: 25.49634pt x 23.70746pt.

Overfull \vbox (40.0457pt too high) detected at line 252
 []

File: fig/back_tmp.pdf Graphic file (type pdf)
<use fig/back_tmp.pdf>
Package pdftex.def Info: fig/back_tmp.pdf used on input line 252.
(pdftex.def)             Requested size: 364.20192pt x 273.15337pt.
 [16

 <./fig/clomap3.pdf>]
<fig/clomap5.pdf, id=358, 289.08pt x 361.35pt>
File: fig/clomap5.pdf Graphic file (type pdf)
 <use fig/clomap5.pdf>
Package pdftex.def Info: fig/clomap5.pdf used on input line 252.
(pdftex.def)             Requested size: 171.14764pt x 213.93349pt.
File: fig/nceas_small.png Graphic file (type png)

<use fig/nceas_small.png>
Package pdftex.def Info: fig/nceas_small.png used on input line 252.
(pdftex.def)             Requested size: 25.49634pt x 23.70746pt.

Overfull \vbox (26.4457pt too high) detected at line 252
 []

File: fig/back_tmp.pdf Graphic file (type pdf)
<use fig/back_tmp.pdf>
Package pdftex.def Info: fig/back_tmp.pdf used on input line 252.
(pdftex.def)             Requested size: 364.20192pt x 273.15337pt.
 [17

 <./fig/clomap5.pdf>]
<fig/ptplo.pdf, id=543, 216.81pt x 216.81pt>
File: fig/ptplo.pdf Graphic file (type pdf)
 <use fig/ptplo.pdf>
Package pdftex.def Info: fig/ptplo.pdf used on input line 284.
(pdftex.def)             Requested size: 54.7685pt x 54.76807pt.
File: fig/nceas_small.png Graphic file (type png)

<use fig/nceas_small.png>
Package pdftex.def Info: fig/nceas_small.png used on input line 284.
(pdftex.def)             Requested size: 25.49634pt x 23.70746pt.
File: fig/back_tmp.pdf Graphic file (type pdf)
 <use fig/back_tmp.pdf>
Package pdftex.def Info: fig/back_tmp.pdf used on input line 284.
(pdftex.def)             Requested size: 364.20192pt x 273.15337pt.
 [18

 <./fig/ptplo.pdf>]
File: fig/ptplo.pdf Graphic file (type pdf)

<use fig/ptplo.pdf>
Package pdftex.def Info: fig/ptplo.pdf used on input line 284.
(pdftex.def)             Requested size: 54.7685pt x 54.76807pt.
 <fig/tmplo1.pdf, id=558, 505.89pt x 129.48375pt>
File: fig/tmplo1.pdf Graphic file (type pdf)

<use fig/tmplo1.pdf>
Package pdftex.def Info: fig/tmplo1.pdf used on input line 284.
(pdftex.def)             Requested size: 342.2953pt x 87.6131pt.
File: fig/nceas_small.png Graphic file (type png)
 <use fig/nceas_small.png>
Package pdftex.def Info: fig/nceas_small.png used on input line 284.
(pdftex.def)             Requested size: 25.49634pt x 23.70746pt.
File: fig/back_tmp.pdf Graphic file (type pdf)
 <use fig/back_tmp.pdf>
Package pdftex.def Info: fig/back_tmp.pdf used on input line 284.
(pdftex.def)             Requested size: 364.20192pt x 273.15337pt.
 [19

 <./fig/tmplo1.pdf>]
File: fig/ptplo.pdf Graphic file (type pdf)
 <use fig/ptplo.pdf>
Package pdftex.def Info: fig/ptplo.pdf used on input line 284.
(pdftex.def)             Requested size: 54.7685pt x 54.76807pt.

<fig/tmplo2.pdf, id=571, 505.89pt x 129.48375pt>
File: fig/tmplo2.pdf Graphic file (type pdf)
 <use fig/tmplo2.pdf>
Package pdftex.def Info: fig/tmplo2.pdf used on input line 284.
(pdftex.def)             Requested size: 342.2953pt x 87.6131pt.
File: fig/nceas_small.png Graphic file (type png)

<use fig/nceas_small.png>
Package pdftex.def Info: fig/nceas_small.png used on input line 284.
(pdftex.def)             Requested size: 25.49634pt x 23.70746pt.
File: fig/back_tmp.pdf Graphic file (type pdf)
 <use fig/back_tmp.pdf>
Package pdftex.def Info: fig/back_tmp.pdf used on input line 284.
(pdftex.def)             Requested size: 364.20192pt x 273.15337pt.
 [20

 <./fig/tmplo2.pdf>]
File: fig/ptplo.pdf Graphic file (type pdf)

<use fig/ptplo.pdf>
Package pdftex.def Info: fig/ptplo.pdf used on input line 284.
(pdftex.def)             Requested size: 54.7685pt x 54.76807pt.
 <fig/tmplo3.pdf, id=583, 505.89pt x 129.48375pt>
File: fig/tmplo3.pdf Graphic file (type pdf)

<use fig/tmplo3.pdf>
Package pdftex.def Info: fig/tmplo3.pdf used on input line 284.
(pdftex.def)             Requested size: 342.2953pt x 87.6131pt.
File: fig/nceas_small.png Graphic file (type png)
 <use fig/nceas_small.png>
Package pdftex.def Info: fig/nceas_small.png used on input line 284.
(pdftex.def)             Requested size: 25.49634pt x 23.70746pt.
File: fig/back_tmp.pdf Graphic file (type pdf)
 <use fig/back_tmp.pdf>
Package pdftex.def Info: fig/back_tmp.pdf used on input line 284.
(pdftex.def)             Requested size: 364.20192pt x 273.15337pt.
 [21

 <./fig/tmplo3.pdf>] <fig/dens1.pdf, id=595, 505.89pt x 289.08pt>
File: fig/dens1.pdf Graphic file (type pdf)

<use fig/dens1.pdf>
Package pdftex.def Info: fig/dens1.pdf used on input line 304.
(pdftex.def)             Requested size: 342.2953pt x 195.60136pt.
File: fig/nceas_small.png Graphic file (type png)
 <use fig/nceas_small.png>
Package pdftex.def Info: fig/nceas_small.png used on input line 304.
(pdftex.def)             Requested size: 25.49634pt x 23.70746pt.

Overfull \vbox (49.5136pt too high) detected at line 304
 []

File: fig/back_tmp.pdf Graphic file (type pdf)
<use fig/back_tmp.pdf>
Package pdftex.def Info: fig/back_tmp.pdf used on input line 304.
(pdftex.def)             Requested size: 364.20192pt x 273.15337pt.
 [22

 <./fig/dens1.pdf>]
<fig/dens2.pdf, id=611, 505.89pt x 289.08pt>
File: fig/dens2.pdf Graphic file (type pdf)
 <use fig/dens2.pdf>
Package pdftex.def Info: fig/dens2.pdf used on input line 304.
(pdftex.def)             Requested size: 342.2953pt x 195.60136pt.
File: fig/nceas_small.png Graphic file (type png)

<use fig/nceas_small.png>
Package pdftex.def Info: fig/nceas_small.png used on input line 304.
(pdftex.def)             Requested size: 25.49634pt x 23.70746pt.

Overfull \vbox (35.91359pt too high) detected at line 304
 []

File: fig/back_tmp.pdf Graphic file (type pdf)
<use fig/back_tmp.pdf>
Package pdftex.def Info: fig/back_tmp.pdf used on input line 304.
(pdftex.def)             Requested size: 364.20192pt x 273.15337pt.
 [23

 <./fig/dens2.pdf>]
File: fig/dens2.pdf Graphic file (type pdf)
 <use fig/dens2.pdf>
Package pdftex.def Info: fig/dens2.pdf used on input line 304.
(pdftex.def)             Requested size: 342.2953pt x 195.60136pt.
File: fig/nceas_small.png Graphic file (type png)

<use fig/nceas_small.png>
Package pdftex.def Info: fig/nceas_small.png used on input line 304.
(pdftex.def)             Requested size: 25.49634pt x 23.70746pt.

Overfull \vbox (35.91359pt too high) detected at line 304
 []

File: fig/back_tmp.pdf Graphic file (type pdf)
<use fig/back_tmp.pdf>
Package pdftex.def Info: fig/back_tmp.pdf used on input line 304.
(pdftex.def)             Requested size: 364.20192pt x 273.15337pt.
 [24

] <fig/simpnet.pdf, id=633, 289.08pt x 289.08pt>
File: fig/simpnet.pdf Graphic file (type pdf)

<use fig/simpnet.pdf>
Package pdftex.def Info: fig/simpnet.pdf used on input line 329.
(pdftex.def)             Requested size: 188.26346pt x 188.26146pt.
File: fig/nceas_small.png Graphic file (type png)
 <use fig/nceas_small.png>
Package pdftex.def Info: fig/nceas_small.png used on input line 329.
(pdftex.def)             Requested size: 25.49634pt x 23.70746pt.

Overfull \vbox (5.11116pt too high) detected at line 329
 []

File: fig/back_tmp.pdf Graphic file (type pdf)
<use fig/back_tmp.pdf>
Package pdftex.def Info: fig/back_tmp.pdf used on input line 329.
(pdftex.def)             Requested size: 364.20192pt x 273.15337pt.
 [25

 <./fig/simpnet.pdf>]
File: fig/simpnet.pdf Graphic file (type pdf)
 <use fig/simpnet.pdf>
Package pdftex.def Info: fig/simpnet.pdf used on input line 329.
(pdftex.def)             Requested size: 188.26346pt x 188.26146pt.
File: fig/nceas_small.png Graphic file (type png)

<use fig/nceas_small.png>
Package pdftex.def Info: fig/nceas_small.png used on input line 329.
(pdftex.def)             Requested size: 25.49634pt x 23.70746pt.

Overfull \vbox (5.11116pt too high) detected at line 329
 []

File: fig/back_tmp.pdf Graphic file (type pdf)
<use fig/back_tmp.pdf>
Package pdftex.def Info: fig/back_tmp.pdf used on input line 329.
(pdftex.def)             Requested size: 364.20192pt x 273.15337pt.
 [26

]
File: fig/simpnet.pdf Graphic file (type pdf)
 <use fig/simpnet.pdf>
Package pdftex.def Info: fig/simpnet.pdf used on input line 329.
(pdftex.def)             Requested size: 188.26346pt x 188.26146pt.
File: fig/nceas_small.png Graphic file (type png)
 <use fig/nceas_small.png>
Package pdftex.def Info: fig/nceas_small.png used on input line 329.
(pdftex.def)             Requested size: 25.49634pt x 23.70746pt.

Overfull \vbox (5.11116pt too high) detected at line 329
 []

File: fig/back_tmp.pdf Graphic file (type pdf)
<use fig/back_tmp.pdf>
Package pdftex.def Info: fig/back_tmp.pdf used on input line 329.
(pdftex.def)             Requested size: 364.20192pt x 273.15337pt.
 [27

]
File: fig/simpnet.pdf Graphic file (type pdf)
 <use fig/simpnet.pdf>
Package pdftex.def Info: fig/simpnet.pdf used on input line 329.
(pdftex.def)             Requested size: 188.26346pt x 188.26146pt.
File: fig/nceas_small.png Graphic file (type png)
 <use fig/nceas_small.png>
Package pdftex.def Info: fig/nceas_small.png used on input line 329.
(pdftex.def)             Requested size: 25.49634pt x 23.70746pt.

Overfull \vbox (5.11116pt too high) detected at line 329
 []

File: fig/back_tmp.pdf Graphic file (type pdf)
<use fig/back_tmp.pdf>
Package pdftex.def Info: fig/back_tmp.pdf used on input line 329.
(pdftex.def)             Requested size: 364.20192pt x 273.15337pt.
 [28

]
File: fig/simpnet.pdf Graphic file (type pdf)
 <use fig/simpnet.pdf>
Package pdftex.def Info: fig/simpnet.pdf used on input line 329.
(pdftex.def)             Requested size: 188.26346pt x 188.26146pt.
File: fig/nceas_small.png Graphic file (type png)
 <use fig/nceas_small.png>
Package pdftex.def Info: fig/nceas_small.png used on input line 329.
(pdftex.def)             Requested size: 25.49634pt x 23.70746pt.

Overfull \vbox (5.11116pt too high) detected at line 329
 []

File: fig/back_tmp.pdf Graphic file (type pdf)
<use fig/back_tmp.pdf>
Package pdftex.def Info: fig/back_tmp.pdf used on input line 329.
(pdftex.def)             Requested size: 364.20192pt x 273.15337pt.
 [29

] <fig/chlpr1.pdf, id=670, 505.89pt x 325.215pt>
File: fig/chlpr1.pdf Graphic file (type pdf)

<use fig/chlpr1.pdf>
Package pdftex.def Info: fig/chlpr1.pdf used on input line 340.
(pdftex.def)             Requested size: 308.06367pt x 198.04341pt.
File: fig/nceas_small.png Graphic file (type png)
 <use fig/nceas_small.png>
Package pdftex.def Info: fig/nceas_small.png used on input line 340.
(pdftex.def)             Requested size: 25.49634pt x 23.70746pt.
File: fig/back_tmp.pdf Graphic file (type pdf)
 <use fig/back_tmp.pdf>
Package pdftex.def Info: fig/back_tmp.pdf used on input line 340.
(pdftex.def)             Requested size: 364.20192pt x 273.15337pt.
 [30

 <./fig/chlpr1.pdf>]
File: fig/nceas_small.png Graphic file (type png)
 <use fig/nceas_small.png>
Package pdftex.def Info: fig/nceas_small.png used on input line 383.
(pdftex.def)             Requested size: 25.49634pt x 23.70746pt.
File: fig/back_tmp.pdf Graphic file (type pdf)
 <use fig/back_tmp.pdf>
Package pdftex.def Info: fig/back_tmp.pdf used on input line 383.
(pdftex.def)             Requested size: 364.20192pt x 273.15337pt.
 [31

]
File: fig/nceas_small.png Graphic file (type png)

<use fig/nceas_small.png>
Package pdftex.def Info: fig/nceas_small.png used on input line 383.
(pdftex.def)             Requested size: 25.49634pt x 23.70746pt.
File: fig/back_tmp.pdf Graphic file (type pdf)
 <use fig/back_tmp.pdf>
Package pdftex.def Info: fig/back_tmp.pdf used on input line 383.
(pdftex.def)             Requested size: 364.20192pt x 273.15337pt.
 [32

]
File: fig/scienceflow.png Graphic file (type png)

<use fig/scienceflow.png>
Package pdftex.def Info: fig/scienceflow.png used on input line 391.
(pdftex.def)             Requested size: 290.9531pt x 176.10464pt.
File: fig/nceas_small.png Graphic file (type png)
 <use fig/nceas_small.png>
Package pdftex.def Info: fig/nceas_small.png used on input line 391.
(pdftex.def)             Requested size: 25.49634pt x 23.70746pt.
File: fig/back_tmp.pdf Graphic file (type pdf)
 <use fig/back_tmp.pdf>
Package pdftex.def Info: fig/back_tmp.pdf used on input line 391.
(pdftex.def)             Requested size: 364.20192pt x 273.15337pt.

[33

] <fig/openfig.png, id=707, 1419.3828pt x 312.2064pt>
File: fig/openfig.png Graphic file (type png)
 <use fig/openfig.png>
Package pdftex.def Info: fig/openfig.png used on input line 409.
(pdftex.def)             Requested size: 308.06367pt x 72.09656pt.
File: fig/nceas_small.png Graphic file (type png)

<use fig/nceas_small.png>
Package pdftex.def Info: fig/nceas_small.png used on input line 409.
(pdftex.def)             Requested size: 25.49634pt x 23.70746pt.
File: fig/back_tmp.pdf Graphic file (type pdf)
 <use fig/back_tmp.pdf>
Package pdftex.def Info: fig/back_tmp.pdf used on input line 409.
(pdftex.def)             Requested size: 364.20192pt x 273.15337pt.
 [34

 <./fig/openfig.png>]
File: fig/openfig.png Graphic file (type png)

<use fig/openfig.png>
Package pdftex.def Info: fig/openfig.png used on input line 409.
(pdftex.def)             Requested size: 308.06367pt x 72.09656pt.
File: fig/nceas_small.png Graphic file (type png)
 <use fig/nceas_small.png>
Package pdftex.def Info: fig/nceas_small.png used on input line 409.
(pdftex.def)             Requested size: 25.49634pt x 23.70746pt.
File: fig/back_tmp.pdf Graphic file (type pdf)
 <use fig/back_tmp.pdf>
Package pdftex.def Info: fig/back_tmp.pdf used on input line 409.
(pdftex.def)             Requested size: 364.20192pt x 273.15337pt.
 [35

]
File: fig/nceas_full.png Graphic file (type png)

<use fig/nceas_full.png>
Package pdftex.def Info: fig/nceas_full.png used on input line 442.
(pdftex.def)             Requested size: 171.14764pt x 34.44342pt.
 <fig/grplogo.png, id=725, 301.125pt x 125.46875pt>
File: fig/grplogo.png Graphic file (type png)

<use fig/grplogo.png>
Package pdftex.def Info: fig/grplogo.png used on input line 442.
(pdftex.def)             Requested size: 102.68962pt x 42.78706pt.
 <fig/git.png, id=727, 352.40228pt x 352.40228pt>
File: fig/git.png Graphic file (type png)

<use fig/git.png>
Package pdftex.def Info: fig/git.png used on input line 442.
(pdftex.def)             Requested size: 8.55789pt x 8.55515pt.
File: fig/git.png Graphic file (type png)
 <use fig/git.png>
Package pdftex.def Info: fig/git.png used on input line 442.
(pdftex.def)             Requested size: 8.55789pt x 8.55515pt.

<fig/twitter.png, id=730, 1263.72125pt x 1027.84pt>
File: fig/twitter.png Graphic file (type png)
 <use fig/twitter.png>
Package pdftex.def Info: fig/twitter.png used on input line 442.
(pdftex.def)             Requested size: 8.55789pt x 6.94781pt.

Overfull \vbox (13.02763pt too high) detected at line 442
 []

File: fig/back_tmp.pdf Graphic file (type pdf)
<use fig/back_tmp.pdf>
Package pdftex.def Info: fig/back_tmp.pdf used on input line 442.
(pdftex.def)             Requested size: 364.20192pt x 273.15337pt.
 [36

 <./fig/grplogo.png> <./fig/git.png> <./fig/twitter.png>] (AWRA_2018.bbl)
File: fig/back_tmp.pdf Graphic file (type pdf)
 <use fig/back_tmp.pdf>
Package pdftex.def Info: fig/back_tmp.pdf used on input line 452.
(pdftex.def)             Requested size: 364.20192pt x 273.15337pt.
 [37

]
\tf@nav=\write6
\openout6 = `AWRA_2018.nav'.

\tf@toc=\write7
\openout7 = `AWRA_2018.toc'.

\tf@snm=\write8
\openout8 = `AWRA_2018.snm'.

Package atveryend Info: Empty hook `BeforeClearDocument' on input line 454.
Package atveryend Info: Empty hook `AfterLastShipout' on input line 454.
 (AWRA_2018.aux)
Package atveryend Info: Executing hook `AtVeryEndDocument' on input line 454.
Package atveryend Info: Executing hook `AtEndAfterFileList' on input line 454.
Package rerunfilecheck Info: File `AWRA_2018.out' has not changed.
(rerunfilecheck)             Checksum: 5276EC5092E9C422876015BE063573A5;92.
 ) 
Here is how much of TeX's memory you used:
 33837 strings out of 493323
 697542 string characters out of 3139064
 783012 words of memory out of 3000000
 36675 multiletter control sequences out of 15000+200000
 541031 words of font info for 63 fonts, out of 3000000 for 9000
 1141 hyphenation exceptions out of 8191
 53i,15n,92p,10412b,790s stack positions out of 5000i,500n,10000p,200000b,50000s
<C:/Program Files/MiKTeX 2.9/fonts/type1/public/amsfonts/cm/cmbx10.pfb><C:/Pr
ogram Files/MiKTeX 2.9/fonts/type1/public/amsfonts/cm/cmbx12.pfb><C:/Program Fi
les/MiKTeX 2.9/fonts/type1/public/amsfonts/cm/cmbxti10.pfb><C:/Program Files/Mi
KTeX 2.9/fonts/type1/public/amsfonts/cm/cmr10.pfb><C:/Program Files/MiKTeX 2.9/
fonts/type1/public/amsfonts/cm/cmr6.pfb><C:/Program Files/MiKTeX 2.9/fonts/type
1/public/amsfonts/cm/cmr8.pfb><C:/Program Files/MiKTeX 2.9/fonts/type1/public/a
msfonts/cm/cmr9.pfb><C:/Program Files/MiKTeX 2.9/fonts/type1/public/amsfonts/cm
/cmsy10.pfb><C:/Program Files/MiKTeX 2.9/fonts/type1/public/amsfonts/cm/cmsy8.p
fb><C:/Program Files/MiKTeX 2.9/fonts/type1/public/amsfonts/cm/cmti7.pfb>
Output written on AWRA_2018.pdf (37 pages, 8654894 bytes).
PDF statistics:
 801 PDF objects out of 1000 (max. 8388607)
 83 named destinations out of 1000 (max. 500000)
 308 words of extra memory for PDF output out of 10000 (max. 10000000)

